[2024-10-09T16:52:32.414Z] [31merror[39m: Faltan campos requeridos para crear el producto
[2024-10-09T16:52:32.424Z] [32minfo[39m: POST /api/products/ 400 7ms
[2024-10-09T16:53:49.838Z] [32minfo[39m: POST /api/products/ 200 69ms
[2024-10-09T16:53:55.284Z] [32minfo[39m: GET /api/products/ 200 44ms
[2024-10-11T21:55:57.523Z] [32minfo[39m: POST /api/rentals/ 404 3ms
[2024-10-11T21:56:39.032Z] [32minfo[39m: POST /api/rental/ 201 85ms
[2024-10-11T21:57:11.727Z] [31merror[39m: Faltan campos requeridos para crear el alquiler
[2024-10-11T21:57:11.729Z] [32minfo[39m: POST /api/rental/ 400 1ms
[2024-10-11T21:57:26.685Z] [31merror[39m: Faltan campos requeridos para crear el alquiler
[2024-10-11T21:57:26.686Z] [32minfo[39m: POST /api/rental/ 400 2ms
[2024-10-11T22:11:51.595Z] [32minfo[39m: GET /api/sales/ 200 81ms
[2024-10-11T22:12:10.486Z] [32minfo[39m: POST /api/sales/ 200 68ms
[2024-10-11T22:12:19.283Z] [32minfo[39m: GET /api/sales/ 200 56ms
[2024-10-11T22:14:58.680Z] [32minfo[39m: GET /api/products/ 200 58ms
[2024-10-11T22:15:16.546Z] [32minfo[39m: POST /api/sales/6709a2ba76a2c795b1e12099/product/66ea04c5b25476f3247600a8 200 303ms
[2024-10-11T22:15:40.327Z] [31merror[39m: Venta o Producto no encontrado
[2024-10-11T22:15:40.329Z] [32minfo[39m: POST /api/sales/6709a2ba76a2c795b1e12099/product/66ea04c5b25476f3247600a0 400 100ms
[2024-10-11T22:45:55.066Z] [31merror[39m: Venta o Producto no encontrado
[2024-10-11T22:45:55.074Z] [32minfo[39m: POST /api/sales/6709a2ba76a2c795b1e12099/product/66ea04c5b25476f3247600a0 400 126ms
[2024-10-11T22:46:03.427Z] [31merror[39m: Venta o Producto no encontrado
[2024-10-11T22:46:03.429Z] [32minfo[39m: POST /api/sales/6709a2ba76a2c795b1e12099/product/66ea04c5b25476f3247600a0 400 111ms
[2024-10-11T22:46:22.227Z] [32minfo[39m: POST /api/sales/6709a2ba76a2c795b1e12099/product/66ea04c5b25476f3247600a8 200 274ms
[2024-10-11T22:51:39.020Z] [32minfo[39m: GET /api/sales/ 200 70ms
[2024-10-11T22:53:13.143Z] [32minfo[39m: DELETE /api/sales/6709a2ba76a2c795b1e12099/product/66ea04c5b25476f3247600a8 200 307ms
[2024-10-11T22:53:18.592Z] [31merror[39m: Venta o Producto no encontrado
[2024-10-11T22:53:18.593Z] [32minfo[39m: DELETE /api/sales/6709a2ba76a2c795b1e12099/product/66ea04c5b25476f3247600a0 400 106ms
[2024-10-11T22:54:04.986Z] [32minfo[39m: GET /api/rental/ 200 370ms
[2024-10-11T22:54:17.091Z] [31merror[39m: No se encontró un rango de precios para la fecha de inicio
[2024-10-11T22:54:17.092Z] [32minfo[39m: POST /api/sales/6709a2ba76a2c795b1e12099/rental/66eb8b60535d46942e37d4ba 400 106ms
[2024-10-11T22:56:37.996Z] [32minfo[39m: POST /api/sales/6709a2ba76a2c795b1e12099/rental/66eb8b60535d46942e37d4ba 400 106ms
[2024-10-11T22:57:15.843Z] [32minfo[39m: POST /api/sales/6709a2ba76a2c795b1e12099/rental/66eb8b60535d46942e37d4ba 400 103ms
[2024-10-11T22:57:31.525Z] [32minfo[39m: POST /api/sales/6709a2ba76a2c795b1e12099/rental/66eb8b60535d46942e37d4ba 400 133ms
[2024-10-11T22:57:44.710Z] [32minfo[39m: POST /api/sales/6709a2ba76a2c795b1e12099/rental/66eb8b60535d46942e37d4ba 500 181ms
[2024-10-12T00:25:34.305Z] [32minfo[39m: POST /api/sales/6709a2ba76a2c795b1e12099/rental/66eb8b60535d46942e37d4ba 500 760ms
[2024-10-12T00:32:28.696Z] [32minfo[39m: POST /api/sales/6709a2ba76a2c795b1e12099/rental/66eb8b60535d46942e37d4ba 500 210ms
[2024-10-12T00:33:41.387Z] [32minfo[39m: POST /api/sales/6709a2ba76a2c795b1e12099/rental/66eb8b60535d46942e37d4ba 500 507ms
[2024-10-12T00:39:02.686Z] [32minfo[39m: POST /api/sales/6709a2ba76a2c795b1e12099/rental/66eb8b60535d46942e37d4ba 200 275ms
[2024-10-12T00:40:47.345Z] [31merror[39m: Venta o Renta no encontrada
[2024-10-12T00:40:47.348Z] [32minfo[39m: POST /api/sales/6709a2ba76a2c795b1e12099/rental/66eb8b60535d46942e37d4b8 400 111ms
[2024-10-12T01:15:14.461Z] [31merror[39m: Venta o Renta no encontrada
[2024-10-12T01:15:14.480Z] [32minfo[39m: POST /api/sales/6709a2ba76a2c795b1e12099/rental/66eb8b60535d46942e37d4b8 400 156ms
[2024-10-12T01:15:20.566Z] [32minfo[39m: POST /api/sales/6709a2ba76a2c795b1e12099/rental/66eb8b60535d46942e37d4ba 200 824ms
[2024-10-12T06:10:59.943Z] [32minfo[39m: POST /api/sales/6709a2ba76a2c795b1e12099/rental/66eb8b60535d46942e37d4ba 200 240ms
[2024-10-12T06:11:23.759Z] [32minfo[39m: GET /api/products/ 200 342ms
[2024-10-12T06:11:33.977Z] [32minfo[39m: GET /api/products/66ea04c5b25476f3247600a8 200 53ms
[2024-10-12T06:11:58.479Z] [32minfo[39m: POST /api/products/ 200 64ms
[2024-10-12T06:12:21.852Z] [32minfo[39m: PUT /api/products/ 404 1ms
[2024-10-12T06:12:33.962Z] [32minfo[39m: GET /api/products/ 200 59ms
[2024-10-12T06:13:07.950Z] [32minfo[39m: DELETE /api/products/670a132e167f9376a17498b6 200 59ms
[2024-10-12T06:13:56.338Z] [32minfo[39m: GET /api/rental/ 200 1529ms
[2024-10-12T06:14:09.269Z] [32minfo[39m: GET /api/rental/66eb8b60535d46942e37d4ba 200 53ms
[2024-10-12T06:18:12.511Z] [32minfo[39m: POST /api/rental/ 201 73ms
[2024-10-12T06:18:17.762Z] [32minfo[39m: GET /api/rental/ 200 54ms
[2024-10-12T06:19:35.572Z] [32minfo[39m: PUT /api/rental/670a14a4167f9376a17498be 200 54ms
[2024-10-12T06:19:45.981Z] [32minfo[39m: GET /api/rental/670a14a4167f9376a17498be 200 52ms
[2024-10-12T06:19:55.686Z] [32minfo[39m: GET /api/rental/670a14a4167f9376a17498be 200 53ms
[2024-10-12T06:20:03.038Z] [32minfo[39m: PUT /api/rental/670a14a4167f9376a17498be 200 53ms
[2024-10-12T06:20:12.603Z] [32minfo[39m: GET /api/rental/670a14a4167f9376a17498be 200 51ms
[2024-10-12T06:20:24.054Z] [32minfo[39m: PUT /api/rental/ 404 0ms
[2024-10-12T06:20:34.276Z] [32minfo[39m: PUT /api/rental/670a14a4167f9376a17498be 200 61ms
[2024-10-12T06:20:38.109Z] [32minfo[39m: GET /api/rental/670a14a4167f9376a17498be 200 53ms
[2024-10-12T06:20:51.502Z] [32minfo[39m: PUT /api/rental/670a14a4167f9376a17498be 200 55ms
[2024-10-12T06:20:54.609Z] [32minfo[39m: GET /api/rental/670a14a4167f9376a17498be 200 53ms
[2024-10-12T06:21:13.817Z] [32minfo[39m: DELETE /api/rental/670a14a4167f9376a17498be 200 68ms
[2024-10-12T06:21:18.049Z] [32minfo[39m: GET /api/rental/670a14a4167f9376a17498be 404 337ms
[2024-10-12T06:22:58.367Z] [32minfo[39m: GET /api/sales/ 200 54ms
[2024-10-12T06:23:05.645Z] [32minfo[39m: GET /api/sales/66eb5c14904c9142f8bfa96e 200 52ms
[2024-10-12T06:23:17.387Z] [32minfo[39m: POST /api/sales/ 200 63ms
[2024-10-12T06:23:25.022Z] [32minfo[39m: GET /api/sales/ 200 54ms
[2024-10-12T06:23:46.886Z] [32minfo[39m: GET /api/products/670a132e167f9376a17498b6 200 58ms
[2024-10-12T06:23:52.178Z] [32minfo[39m: GET /api/products/ 200 50ms
[2024-10-12T06:24:07.059Z] [32minfo[39m: POST /api/sales/66eb5c14904c9142f8bfa96e/product/66ea04c5b25476f3247600a8 200 265ms
[2024-10-12T06:24:13.685Z] [32minfo[39m: POST /api/sales/66eb5c14904c9142f8bfa96e/product/66ea04c5b25476f3247600a8 200 279ms
[2024-10-12T06:24:24.786Z] [32minfo[39m: DELETE /api/sales/66eb5c14904c9142f8bfa96e/product/66ea04c5b25476f3247600a8 200 826ms
[2024-10-12T06:25:02.989Z] [32minfo[39m: GET /api/rental/ 200 57ms
[2024-10-12T06:25:19.228Z] [32minfo[39m: POST /api/sales/66eb5c14904c9142f8bfa96e/rental/66eb8b7d535d46942e37d4c1 200 538ms
[2024-10-12T06:25:28.967Z] [32minfo[39m: DELETE /api/sales/66eb5c14904c9142f8bfa96e/rental/66eb8b7d535d46942e37d4c1 200 230ms
[2024-10-13T17:41:47.922Z] [32minfo[39m: GET /api/products/ 200 66ms
[2024-10-13T17:42:07.680Z] [32minfo[39m: GET /api/products/670b2dc225d9b66099256d8f 200 69ms
[2024-10-13T17:42:37.457Z] [32minfo[39m: POST /api/products/670b2dc225d9b66099256d8f 404 1ms
[2024-10-13T17:42:45.730Z] [32minfo[39m: POST /api/products/ 200 80ms
[2024-10-13T17:43:15.934Z] [32minfo[39m: DELETE /api/products/670c0695cf9fdfe6facb56c8 200 57ms
[2024-10-13T17:43:34.896Z] [32minfo[39m: DELETE /api/products/670b2dc225d9b66099256d8f 200 61ms
[2024-10-13T17:43:40.969Z] [32minfo[39m: DELETE /api/products/6709fd66024ad03672175f2f 200 61ms
[2024-10-13T17:43:47.703Z] [32minfo[39m: DELETE /api/products/6706b51d386a1df6ed5f36c3 200 57ms
[2024-10-13T17:44:14.818Z] [31merror[39m: Faltan campos requeridos para crear el producto
[2024-10-13T17:44:14.820Z] [32minfo[39m: POST /api/products/ 400 1ms
[2024-10-13T18:48:25.449Z] [32minfo[39m: DELETE /api/rental/670b529e2db899e7774dfda5 200 375ms
[2024-10-13T18:48:40.565Z] [32minfo[39m: GET /api/rental/ 200 387ms
[2024-10-13T18:49:03.049Z] [32minfo[39m: DELETE /api/rental/67099f166d83f6c6ef24686f 200 59ms
[2024-10-13T18:49:35.021Z] [32minfo[39m: GET /api/rental/66eb8e0e94e06aea771d8b30 200 50ms
[2024-10-13T18:49:54.960Z] [32minfo[39m: POST /api/rental/ 201 79ms
[2024-10-13T18:50:54.487Z] [32minfo[39m: GET /api/sales/ 200 254ms
[2024-10-13T18:51:13.072Z] [32minfo[39m: GET /api/products/ 200 58ms
[2024-10-13T18:51:25.317Z] [31merror[39m: Venta o Producto no encontrado
[2024-10-13T18:51:25.318Z] [32minfo[39m: POST /api/sales/66ea04c5b25476f3247600a8/product/66ea06bbb25476f3247600b5 400 107ms
[2024-10-13T18:51:56.010Z] [32minfo[39m: POST /api/sales/66eb5c14904c9142f8bfa96e/product/66ea06bbb25476f3247600b5 200 275ms
[2024-10-13T18:52:07.334Z] [32minfo[39m: POST /api/sales/66eb5c14904c9142f8bfa96e/product/66ea06bbb25476f3247600b5 200 273ms
[2024-10-13T18:52:12.061Z] [32minfo[39m: DELETE /api/sales/66eb5c14904c9142f8bfa96e/product/66ea06bbb25476f3247600b5 200 264ms
[2024-10-13T18:52:16.834Z] [32minfo[39m: DELETE /api/sales/66eb5c14904c9142f8bfa96e/product/66ea06bbb25476f3247600b5 200 259ms
[2024-10-13T18:52:23.170Z] [32minfo[39m: DELETE /api/sales/66eb5c14904c9142f8bfa96e/product/66ea06bbb25476f3247600b5 200 262ms
[2024-10-13T18:52:39.929Z] [32minfo[39m: DELETE /api/sales/66eb5c14904c9142f8bfa96e/rental/66eb8e0994e06aea771d8b28 200 507ms
[2024-10-13T18:52:48.010Z] [32minfo[39m: DELETE /api/sales/66eb5c14904c9142f8bfa96e/rental/66eb8e0994e06aea771d8b28 200 222ms
[2024-10-13T18:53:09.995Z] [32minfo[39m: POST /api/sales/66eb5c14904c9142f8bfa96e/rental/670c1652cf9fdfe6facb56d3 200 549ms
[2024-10-13T18:53:56.468Z] [31merror[39m: Venta o Producto no encontrado
[2024-10-13T18:53:56.469Z] [32minfo[39m: POST /api/sales/66eb5c14904c9142f8bfa96e/product/66ea04c5b25476f3247600a8 400 101ms
[2024-10-13T18:54:12.327Z] [32minfo[39m: POST /api/sales/66eb5c14904c9142f8bfa96e/product/66ea04e2b25476f3247600aa 200 268ms
[2024-10-13T18:54:23.294Z] [32minfo[39m: POST /api/sales/66eb5c14904c9142f8bfa96e/product/66ea04e2b25476f3247600aa 200 258ms
[2024-10-13T18:54:44.135Z] [32minfo[39m: DELETE /api/sales/66eb5c14904c9142f8bfa96e/rental/670c1652cf9fdfe6facb56d3 200 212ms
[2024-10-13T18:55:04.505Z] [31merror[39m: Venta o Producto no encontrado
[2024-10-13T18:55:04.507Z] [32minfo[39m: POST /api/sales/66eb5c14904c9142f8bfa96e/product/66ea04c5b25476f3247600a8 400 113ms
[2024-10-13T18:55:18.157Z] [32minfo[39m: POST /api/sales/66eb5c14904c9142f8bfa96e/product/66ea05d8b25476f3247600ae 200 271ms
[2024-10-13T18:55:41.540Z] [32minfo[39m: POST /api/sales/66eb5c14904c9142f8bfa96e/rental/670c1652cf9fdfe6facb56d3 200 211ms
[2024-10-13T18:55:52.802Z] [32minfo[39m: POST /api/sales/66eb5c14904c9142f8bfa96e/rental/670c1652cf9fdfe6facb56d3 200 219ms
[2024-10-14T00:03:51.990Z] [32minfo[39m: GET /api/products/ 200 90ms
[2024-10-14T02:19:14.985Z] [32minfo[39m: GET /api/products 200 67ms
[2024-10-14T02:19:15.051Z] [32minfo[39m: GET /api/products 304 60ms
[2024-10-14T02:19:48.136Z] [32minfo[39m: GET /api/products 304 58ms
[2024-10-14T02:19:48.199Z] [32minfo[39m: GET /api/products 304 60ms
[2024-10-14T02:20:18.075Z] [32minfo[39m: GET /api/products 304 65ms
[2024-10-14T02:20:18.147Z] [32minfo[39m: GET /api/products 304 70ms
[2024-10-14T02:20:22.385Z] [32minfo[39m: GET /api/products 304 53ms
[2024-10-14T02:20:22.449Z] [32minfo[39m: GET /api/products 304 61ms
[2024-10-14T02:22:43.144Z] [32minfo[39m: GET /api/products 304 55ms
[2024-10-14T02:22:43.199Z] [32minfo[39m: GET /api/products 304 52ms
[2024-10-14T02:22:54.221Z] [32minfo[39m: GET /api/products 304 55ms
[2024-10-14T02:22:54.277Z] [32minfo[39m: GET /api/products 304 54ms
[2024-10-14T02:23:58.350Z] [32minfo[39m: GET /api/products 304 56ms
[2024-10-14T02:23:58.411Z] [32minfo[39m: GET /api/products 304 59ms
[2024-10-14T02:24:02.887Z] [32minfo[39m: GET /api/products 304 54ms
[2024-10-14T02:24:02.946Z] [32minfo[39m: GET /api/products 304 58ms
[2024-10-14T02:24:17.874Z] [32minfo[39m: GET /api/products 304 57ms
[2024-10-14T02:24:17.931Z] [32minfo[39m: GET /api/products 304 55ms
[2024-10-14T02:24:21.577Z] [32minfo[39m: GET /api/products 304 53ms
[2024-10-14T02:24:22.052Z] [32minfo[39m: GET /api/products 304 473ms
[2024-10-14T02:24:31.141Z] [32minfo[39m: GET /api/products 304 54ms
[2024-10-14T02:24:31.205Z] [32minfo[39m: GET /api/products 304 60ms
[2024-10-14T02:24:41.406Z] [32minfo[39m: GET /api/products 304 442ms
[2024-10-14T02:24:43.465Z] [32minfo[39m: GET /api/products 304 59ms
[2024-10-14T02:24:59.139Z] [32minfo[39m: GET /api/products 304 53ms
[2024-10-14T02:25:27.891Z] [32minfo[39m: GET /api/products 304 56ms
[2024-10-14T02:36:26.130Z] [32minfo[39m: GET /api/products?page=1 200 56ms
[2024-10-14T02:36:26.187Z] [32minfo[39m: GET /api/products?page=1 304 54ms
[2024-10-14T02:37:48.127Z] [32minfo[39m: GET /api/products?page=1 304 55ms
[2024-10-14T02:38:17.139Z] [32minfo[39m: GET /api/products?page=1 304 52ms
[2024-10-14T03:06:41.420Z] [32minfo[39m: GET /api/products?page=1 304 338ms
[2024-10-14T03:06:51.436Z] [32minfo[39m: GET /api/products?page=2 200 59ms
[2024-10-14T03:06:52.895Z] [32minfo[39m: GET /api/products?page=1 304 57ms
[2024-10-14T03:06:53.632Z] [32minfo[39m: GET /api/products?page=2 304 60ms
[2024-10-14T03:06:59.946Z] [32minfo[39m: GET /api/products?page=1 304 327ms
[2024-10-14T03:07:02.448Z] [32minfo[39m: GET /api/products?page=2 304 345ms
[2024-10-14T03:07:03.022Z] [32minfo[39m: GET /api/products?page=1 304 59ms
[2024-10-14T03:07:05.367Z] [32minfo[39m: GET /api/products?page=1 304 390ms
[2024-10-14T03:07:05.427Z] [32minfo[39m: GET /api/products?page=1 304 58ms
[2024-10-14T03:07:07.301Z] [32minfo[39m: GET /api/products?page=2 304 61ms
[2024-10-14T03:07:08.564Z] [32minfo[39m: GET /api/products?page=1 304 379ms
[2024-10-14T03:07:08.760Z] [32minfo[39m: GET /api/products?page=2 304 59ms
[2024-10-14T03:07:09.202Z] [32minfo[39m: GET /api/products?page=1 304 56ms
[2024-10-14T03:08:18.544Z] [32minfo[39m: GET /api/products?page=2 304 57ms
[2024-10-14T03:09:33.393Z] [32minfo[39m: GET /api/products?page=1 304 441ms
[2024-10-14T03:09:33.454Z] [32minfo[39m: GET /api/products?page=1 304 56ms
[2024-10-14T03:09:37.098Z] [32minfo[39m: GET /api/products?page=1 304 62ms
[2024-10-14T03:09:37.157Z] [32minfo[39m: GET /api/products?page=1 304 54ms
[2024-10-14T03:09:39.887Z] [32minfo[39m: GET /api/products?page=2 304 60ms
[2024-10-14T03:09:41.586Z] [32minfo[39m: GET /api/products?page=1 304 55ms
[2024-10-14T03:09:52.226Z] [32minfo[39m: GET /api/products?page=1 304 62ms
[2024-10-14T03:09:52.284Z] [32minfo[39m: GET /api/products?page=1 304 55ms
[2024-10-14T03:09:53.466Z] [32minfo[39m: GET /api/products?page=2 304 51ms
[2024-10-14T03:11:04.544Z] [32minfo[39m: GET /api/products?page=1 304 57ms
[2024-10-14T03:11:10.125Z] [32minfo[39m: GET /api/products?page=1 304 55ms
[2024-10-14T03:11:10.180Z] [32minfo[39m: GET /api/products?page=1 304 53ms
[2024-10-14T03:11:14.453Z] [32minfo[39m: GET /api/products?page=1 304 55ms
[2024-10-14T03:11:14.459Z] [32minfo[39m: GET /api/products?page=2 304 61ms
[2024-10-14T03:11:42.953Z] [32minfo[39m: POST /api/products/ 200 79ms
[2024-10-14T03:11:44.099Z] [32minfo[39m: POST /api/products/ 200 58ms
[2024-10-14T03:11:45.799Z] [32minfo[39m: POST /api/products/ 200 110ms
[2024-10-14T03:11:50.616Z] [32minfo[39m: POST /api/products/ 200 53ms
[2024-10-14T03:11:54.306Z] [32minfo[39m: POST /api/products/ 200 58ms
[2024-10-14T03:12:00.316Z] [32minfo[39m: POST /api/products/ 200 59ms
[2024-10-14T03:12:02.816Z] [32minfo[39m: GET /api/products/ 200 70ms
[2024-10-14T03:12:13.081Z] [32minfo[39m: POST /api/products/ 200 60ms
[2024-10-14T03:12:17.703Z] [32minfo[39m: POST /api/products/ 200 55ms
[2024-10-14T03:12:21.521Z] [32minfo[39m: POST /api/products/ 200 62ms
[2024-10-14T03:12:26.628Z] [32minfo[39m: GET /api/products/ 200 56ms
[2024-10-14T03:12:39.014Z] [32minfo[39m: POST /api/products/ 200 72ms
[2024-10-14T03:12:42.557Z] [32minfo[39m: POST /api/products/ 200 63ms
[2024-10-14T03:12:46.064Z] [32minfo[39m: POST /api/products/ 200 58ms
[2024-10-14T03:12:49.899Z] [32minfo[39m: POST /api/products/ 200 57ms
[2024-10-14T03:12:53.295Z] [32minfo[39m: POST /api/products/ 200 63ms
[2024-10-14T03:12:59.951Z] [32minfo[39m: GET /api/products?page=1 200 62ms
[2024-10-14T03:13:00.010Z] [32minfo[39m: GET /api/products?page=1 304 56ms
[2024-10-14T03:13:02.522Z] [32minfo[39m: GET /api/products?page=2 200 62ms
[2024-10-14T03:13:03.343Z] [32minfo[39m: GET /api/products?page=3 200 52ms
[2024-10-14T03:13:04.033Z] [32minfo[39m: GET /api/products?page=2 304 58ms
[2024-10-14T03:13:04.183Z] [32minfo[39m: GET /api/products?page=1 304 68ms
[2024-10-14T03:13:30.506Z] [32minfo[39m: GET /api/products?page=2 304 53ms
[2024-10-14T03:13:50.770Z] [32minfo[39m: GET /api/products?page=3 304 53ms
[2024-10-14T03:18:39.137Z] [32minfo[39m: GET /api/products?page=3 304 57ms
[2024-10-14T03:18:42.658Z] [32minfo[39m: GET /api/products?page=1 304 55ms
[2024-10-14T03:18:42.713Z] [32minfo[39m: GET /api/products?page=1 304 53ms
[2024-10-14T03:18:49.453Z] [32minfo[39m: GET /api/products?page=2 304 58ms
[2024-10-14T03:18:52.657Z] [32minfo[39m: GET /api/products?page=3 304 55ms
[2024-10-14T03:20:52.771Z] [32minfo[39m: GET /api/products?page=1 304 69ms
[2024-10-14T03:20:52.842Z] [32minfo[39m: GET /api/products?page=1 304 64ms
[2024-10-14T03:20:56.211Z] [32minfo[39m: GET /api/products?page=2 304 53ms
[2024-10-14T03:21:25.119Z] [32minfo[39m: GET /api/products?page=1 304 78ms
[2024-10-14T03:21:25.188Z] [32minfo[39m: GET /api/products?page=1 304 64ms
[2024-10-14T03:21:27.240Z] [32minfo[39m: GET /api/products?page=2 200 56ms
[2024-10-14T03:21:30.322Z] [32minfo[39m: GET /api/products?page=3 200 340ms
[2024-10-14T03:22:35.674Z] [32minfo[39m: GET /api/products?page=1 500 3ms
[2024-10-14T03:22:35.684Z] [32minfo[39m: GET /api/products?page=1 500 2ms
[2024-10-14T03:25:36.034Z] [32minfo[39m: GET /api/products?page=1 200 75ms
[2024-10-14T03:25:36.095Z] [32minfo[39m: GET /api/products?page=1 304 54ms
[2024-10-14T03:25:39.146Z] [32minfo[39m: GET /api/products?page=2 304 58ms
[2024-10-14T03:27:34.080Z] [32minfo[39m: GET /api/products?page=3 304 59ms
[2024-10-14T03:27:35.908Z] [32minfo[39m: GET /api/products?page=2 304 54ms
[2024-10-14T03:36:20.992Z] [32minfo[39m: GET /api/products?page=3 304 52ms
[2024-10-14T03:36:25.407Z] [32minfo[39m: GET /api/products?page=2 304 56ms
[2024-10-14T03:36:30.033Z] [32minfo[39m: GET /api/products?page=1 304 54ms
[2024-10-15T23:52:18.928Z] [32minfo[39m: GET /api/products?page=1 304 75ms
[2024-10-15T23:52:18.995Z] [32minfo[39m: GET /api/products?page=1 304 60ms
[2024-10-15T23:52:20.548Z] [32minfo[39m: GET /api/products?page=2 304 55ms
[2024-10-15T23:52:21.388Z] [32minfo[39m: GET /api/products?page=3 304 58ms
[2024-10-15T23:52:22.689Z] [32minfo[39m: GET /api/products?page=2 304 63ms
[2024-10-15T23:55:18.906Z] [32minfo[39m: GET /api/products?page=3 304 56ms
[2024-10-15T23:55:20.435Z] [32minfo[39m: GET /api/products?page=2 304 57ms
[2024-10-15T23:55:21.914Z] [32minfo[39m: GET /api/products?page=1 304 338ms
[2024-10-16T00:03:48.343Z] [32minfo[39m: GET /api/products?page=1 304 63ms
[2024-10-16T00:03:48.402Z] [32minfo[39m: GET /api/products?page=1 304 56ms
[2024-10-16T00:06:19.359Z] [32minfo[39m: GET /api/products?page=1 304 83ms
[2024-10-16T00:06:19.431Z] [32minfo[39m: GET /api/products?page=1 304 61ms
[2024-10-16T00:09:33.314Z] [32minfo[39m: GET /api/products?page=1 304 79ms
[2024-10-16T00:09:33.384Z] [32minfo[39m: GET /api/products?page=1 304 61ms
[2024-10-16T00:10:07.841Z] [32minfo[39m: GET /api/products?page=1 304 421ms
[2024-10-16T00:10:07.912Z] [32minfo[39m: GET /api/products?page=1 304 63ms
[2024-10-16T00:10:14.517Z] [32minfo[39m: GET /api/products?page=1 304 62ms
[2024-10-16T00:10:14.588Z] [32minfo[39m: GET /api/products?page=1 304 67ms
[2024-10-16T00:12:45.570Z] [32minfo[39m: GET /api/products?page=1 304 74ms
[2024-10-16T00:12:45.647Z] [32minfo[39m: GET /api/products?page=1 304 67ms
[2024-10-16T00:14:38.327Z] [32minfo[39m: GET /api/products?page=1 304 58ms
[2024-10-16T00:14:38.389Z] [32minfo[39m: GET /api/products?page=1 304 58ms
[2024-10-16T00:14:39.780Z] [32minfo[39m: GET /api/products?page=2 304 55ms
[2024-10-16T00:14:40.160Z] [32minfo[39m: GET /api/products?page=3 304 60ms
[2024-10-16T00:14:53.896Z] [32minfo[39m: GET /api/products?page=1 304 61ms
[2024-10-16T00:14:53.954Z] [32minfo[39m: GET /api/products?page=1 304 55ms
[2024-10-16T00:16:16.036Z] [32minfo[39m: GET /api/products?page=1 304 60ms
[2024-10-16T00:16:16.097Z] [32minfo[39m: GET /api/products?page=1 304 56ms
[2024-10-16T00:16:18.815Z] [32minfo[39m: GET /api/products?page=1 304 62ms
[2024-10-16T00:16:18.878Z] [32minfo[39m: GET /api/products?page=1 304 57ms
[2024-10-16T00:16:41.011Z] [32minfo[39m: GET /api/products?page=1 304 63ms
[2024-10-16T00:16:41.074Z] [32minfo[39m: GET /api/products?page=1 304 61ms
[2024-10-16T00:16:41.594Z] [32minfo[39m: GET /api/rental?page=1 200 65ms
[2024-10-16T00:16:41.656Z] [32minfo[39m: GET /api/rental?page=1 304 58ms
[2024-10-16T00:16:46.081Z] [32minfo[39m: GET /api/rental?page=2 200 60ms
[2024-10-16T00:16:47.066Z] [32minfo[39m: GET /api/rental?page=1 304 57ms
[2024-10-16T00:17:12.671Z] [32minfo[39m: GET /api/rental?page=1 304 65ms
[2024-10-16T00:17:13.024Z] [32minfo[39m: GET /api/rental?page=1 304 348ms
[2024-10-16T00:17:14.413Z] [32minfo[39m: GET /api/rental?page=1 304 58ms
[2024-10-16T00:17:14.482Z] [32minfo[39m: GET /api/rental?page=1 304 65ms
[2024-10-16T00:17:14.709Z] [32minfo[39m: GET /api/rental?page=1 304 58ms
[2024-10-16T00:17:14.779Z] [32minfo[39m: GET /api/rental?page=1 304 65ms
[2024-10-16T00:17:18.182Z] [32minfo[39m: GET /api/products?page=1 304 59ms
[2024-10-16T00:17:18.247Z] [32minfo[39m: GET /api/products?page=1 304 61ms
[2024-10-16T00:17:24.627Z] [32minfo[39m: GET /api/products?page=1 304 59ms
[2024-10-16T00:17:24.696Z] [32minfo[39m: GET /api/products?page=1 304 64ms
[2024-10-16T00:17:27.270Z] [32minfo[39m: GET /api/rental?page=1 304 66ms
[2024-10-16T00:17:27.328Z] [32minfo[39m: GET /api/rental?page=1 304 55ms
[2024-10-16T00:18:09.853Z] [32minfo[39m: GET /api/rental?page=1 304 516ms
[2024-10-16T00:18:14.760Z] [32minfo[39m: GET /api/products?page=1 304 61ms
[2024-10-16T00:18:14.818Z] [32minfo[39m: GET /api/products?page=1 304 54ms
[2024-10-16T00:18:17.441Z] [32minfo[39m: GET /api/rental?page=1 304 58ms
[2024-10-16T00:18:17.505Z] [32minfo[39m: GET /api/rental?page=1 304 60ms
[2024-10-16T00:19:21.144Z] [32minfo[39m: GET /api/rental?page=1 304 56ms
[2024-10-16T00:19:23.070Z] [32minfo[39m: GET /api/rental?page=1 304 58ms
[2024-10-16T00:19:23.131Z] [32minfo[39m: GET /api/rental?page=1 304 59ms
[2024-10-16T00:19:33.386Z] [32minfo[39m: GET /api/rental?page=1 304 58ms
[2024-10-16T00:20:14.411Z] [32minfo[39m: GET /api/rental?page=1 304 66ms
[2024-10-16T00:20:51.272Z] [32minfo[39m: GET /api/rental?page=1 304 61ms
[2024-10-16T00:20:51.344Z] [32minfo[39m: GET /api/rental?page=1 304 64ms
[2024-10-16T00:21:05.412Z] [32minfo[39m: GET /api/rental?page=1 304 60ms
[2024-10-16T00:21:05.477Z] [32minfo[39m: GET /api/rental?page=1 304 60ms
[2024-10-16T00:21:15.638Z] [32minfo[39m: GET /api/rental?page=2 304 57ms
[2024-10-16T00:21:17.234Z] [32minfo[39m: GET /api/rental?page=1 304 55ms
[2024-10-16T00:21:50.096Z] [32minfo[39m: GET /api/rental?page=1 304 59ms
[2024-10-16T00:26:06.412Z] [32minfo[39m: GET /api/rental?page=1 304 58ms
[2024-10-16T00:27:53.346Z] [32minfo[39m: GET /api/rental?page=2 304 54ms
[2024-10-16T00:27:59.014Z] [32minfo[39m: GET /api/rental?page=1 304 63ms
[2024-10-16T00:29:34.400Z] [32minfo[39m: GET /api/rental?page=1 304 53ms
[2024-10-16T00:29:37.451Z] [32minfo[39m: GET /api/rental?page=1 304 63ms
[2024-10-16T00:29:37.516Z] [32minfo[39m: GET /api/rental?page=1 304 59ms
[2024-10-16T00:30:27.404Z] [32minfo[39m: GET /api/rental?page=1 304 59ms
[2024-10-16T00:30:38.273Z] [32minfo[39m: GET /api/rental?page=1 304 57ms
[2024-10-16T00:30:41.061Z] [32minfo[39m: GET /api/rental?page=1 304 61ms
[2024-10-16T00:30:41.127Z] [32minfo[39m: GET /api/rental?page=1 304 62ms
[2024-10-16T00:31:30.448Z] [32minfo[39m: GET /api/rental?page=1 304 58ms
[2024-10-16T00:31:31.450Z] [32minfo[39m: GET /api/rental?page=1 304 64ms
[2024-10-16T00:31:31.546Z] [32minfo[39m: GET /api/rental?page=1 304 57ms
[2024-10-16T00:32:34.430Z] [32minfo[39m: GET /api/rental?page=1 304 60ms
[2024-10-16T00:35:09.438Z] [32minfo[39m: GET /api/rental?page=1 304 56ms
[2024-10-16T00:35:38.828Z] [32minfo[39m: GET /api/rental?page=1 304 61ms
[2024-10-16T00:35:38.888Z] [32minfo[39m: GET /api/rental?page=1 304 56ms
[2024-10-16T00:36:36.946Z] [32minfo[39m: GET /api/rental?page=1 304 61ms
[2024-10-16T00:39:10.423Z] [32minfo[39m: GET /api/rental?page=1 304 55ms
[2024-10-16T00:46:56.497Z] [32minfo[39m: GET /api/rental?page=2 304 59ms
[2024-10-16T00:58:13.222Z] [32minfo[39m: POST /api/sales/ 200 110ms
[2024-10-16T14:47:14.761Z] [32minfo[39m: GET /api/products?page=1 304 48ms
[2024-10-16T14:47:14.806Z] [32minfo[39m: GET /api/products?page=1 304 39ms
[2024-10-16T14:47:16.439Z] [32minfo[39m: GET /api/products?page=2 304 40ms
[2024-10-16T14:47:18.119Z] [32minfo[39m: GET /api/rental?page=1 304 43ms
[2024-10-16T14:47:18.161Z] [32minfo[39m: GET /api/rental?page=1 304 40ms
[2024-10-16T14:47:24.686Z] [32minfo[39m: POST /api/api/sales 404 2ms
[2024-10-16T14:48:06.520Z] [32minfo[39m: POST /api/api/sales 404 1ms
[2024-10-16T14:49:41.042Z] [32minfo[39m: POST /api/sales 200 62ms
[2024-10-16T14:50:58.069Z] [32minfo[39m: POST /api/sales 200 43ms
[2024-10-16T14:52:01.881Z] [32minfo[39m: POST /api/sales 200 79ms
[2024-10-16T14:53:52.320Z] [32minfo[39m: POST /api/sales 200 46ms
[2024-10-16T14:55:04.673Z] [32minfo[39m: POST /api/sales 200 77ms
[2024-10-16T14:55:57.376Z] [32minfo[39m: POST /api/sales 200 51ms
[2024-10-16T15:04:20.364Z] [32minfo[39m: POST /api/sales 200 50ms
[2024-10-16T15:09:14.055Z] [32minfo[39m: GET /api/products?page=1 304 42ms
[2024-10-16T15:09:14.105Z] [32minfo[39m: GET /api/products?page=1 304 47ms
[2024-10-16T15:09:16.276Z] [32minfo[39m: GET /api/rental?page=1 304 44ms
[2024-10-16T15:09:16.323Z] [32minfo[39m: GET /api/rental?page=1 304 44ms
[2024-10-16T15:09:37.570Z] [32minfo[39m: POST /api/sales 200 52ms
[2024-10-16T15:09:47.407Z] [32minfo[39m: POST /api/sales 200 46ms[2024-10-18T13:49:38.972Z] [32minfo[39m: PUT /api/sales/66fc7dd4a101be3c1f3be64d/status 200 97ms
[2024-10-18T13:49:50.678Z] [32minfo[39m: GET /api/sales/ 200 46ms
[2024-10-18T14:17:40.080Z] [32minfo[39m: GET /api/products/ 200 48ms
[2024-10-18T14:18:47.379Z] [32minfo[39m: PUT /api/products/66ea04e2b25476f3247600aa 200 57ms
[2024-10-18T14:18:54.765Z] [32minfo[39m: GET /api/products/ 200 54ms
[2024-10-18T15:11:43.697Z] [32minfo[39m: GET /api/products/ 200 49ms
[2024-10-18T15:18:15.513Z] [32minfo[39m: PUT /api/products/66ea04e2b25476f3247600aa/stock 200 59ms
[2024-10-18T15:18:44.048Z] [32minfo[39m: PUT /api/products/66ea04e2b25476f3247600aa/stock 200 42ms
[2024-10-18T15:18:53.124Z] [32minfo[39m: GET /api/products/66ea04e2b25476f3247600aa 200 39ms
[2024-10-18T15:20:13.527Z] [32minfo[39m: PUT /api/products/66ea04e2b25476f3247600aa/stock 200 61ms
[2024-10-18T15:20:21.685Z] [32minfo[39m: GET /api/products/66ea04e2b25476f3247600aa/ 200 40ms
[2024-10-18T15:21:04.082Z] [32minfo[39m: PUT /api/products/66ea04e2b25476f3247600aa/stock 200 97ms
[2024-10-18T15:21:07.133Z] [32minfo[39m: PUT /api/products/66ea04e2b25476f3247600aa/stock 200 86ms
[2024-10-18T15:21:16.857Z] [32minfo[39m: GET /api/products/66ea04e2b25476f3247600aa 200 39ms
[2024-10-18T15:21:56.794Z] [32minfo[39m: PUT /api/products/66ea04e2b25476f3247600aa/stock 200 87ms
[2024-10-18T15:32:03.802Z] [32minfo[39m: GET /api/products?page=1 200 74ms
[2024-10-18T15:32:03.852Z] [32minfo[39m: GET /api/products?page=1 304 45ms
[2024-10-18T15:32:05.451Z] [32minfo[39m: GET /api/products?page=2 304 91ms
[2024-10-18T15:32:05.904Z] [32minfo[39m: GET /api/products?page=3 304 51ms
[2024-10-18T15:32:08.024Z] [32minfo[39m: GET /api/products?page=2 304 72ms
[2024-10-18T15:32:09.384Z] [32minfo[39m: GET /api/products?page=1 304 48ms
[2024-10-18T15:49:54.609Z] [32minfo[39m: GET /api/products?page=1 304 41ms
[2024-10-18T15:49:54.651Z] [32minfo[39m: GET /api/products?page=1 304 40ms
[2024-10-18T15:50:08.880Z] [32minfo[39m: GET /api/products?page=1 304 47ms
[2024-10-18T15:50:08.923Z] [32minfo[39m: GET /api/products?page=1 304 41ms
[2024-10-18T15:50:10.090Z] [32minfo[39m: GET /api/products?page=2 304 39ms
[2024-10-18T15:50:10.283Z] [32minfo[39m: GET /api/products?page=3 304 40ms
[2024-10-18T15:50:11.501Z] [32minfo[39m: GET /api/products?page=2 304 42ms
[2024-10-18T16:06:14.222Z] [32minfo[39m: GET /api/products?page=1 304 322ms
[2024-10-18T16:25:32.942Z] [32minfo[39m: GET /api/products?page=1 304 368ms
[2024-10-18T16:25:32.986Z] [32minfo[39m: GET /api/products?page=1 304 39ms
[2024-10-18T16:27:34.316Z] [32minfo[39m: POST /api/products 200 67ms
[2024-10-18T16:27:40.171Z] [32minfo[39m: GET /api/products?page=2 200 426ms
[2024-10-18T16:27:40.193Z] [32minfo[39m: GET /api/products?page=3 200 273ms
[2024-10-18T16:32:05.539Z] [32minfo[39m: POST /api/products 200 83ms
[2024-10-18T16:32:05.585Z] [32minfo[39m: GET /api/products?page=1 200 41ms
[2024-10-18T16:32:08.449Z] [32minfo[39m: GET /api/products?page=2 200 51ms
[2024-10-18T16:32:08.953Z] [32minfo[39m: GET /api/products?page=3 200 40ms
[2024-10-18T16:33:07.634Z] [32minfo[39m: POST /api/products 200 53ms
[2024-10-18T16:33:07.680Z] [32minfo[39m: GET /api/products?page=1 200 41ms
[2024-10-18T16:33:10.176Z] [32minfo[39m: GET /api/products?page=2 200 42ms
[2024-10-18T16:33:10.585Z] [32minfo[39m: GET /api/products?page=3 200 40ms
[2024-10-18T16:33:38.708Z] [32minfo[39m: GET /api/rental?page=1 304 315ms
[2024-10-18T16:33:38.752Z] [32minfo[39m: GET /api/rental?page=1 304 43ms
[2024-10-18T16:33:38.943Z] [32minfo[39m: GET /api/products?page=1 304 40ms
[2024-10-18T16:33:38.990Z] [32minfo[39m: GET /api/products?page=1 304 44ms
[2024-10-18T16:33:39.780Z] [32minfo[39m: GET /api/rental?page=1 304 39ms
[2024-10-18T16:33:39.825Z] [32minfo[39m: GET /api/rental?page=1 304 44ms
[2024-10-18T16:33:41.437Z] [32minfo[39m: GET /api/products?page=1 304 40ms
[2024-10-18T16:33:41.479Z] [32minfo[39m: GET /api/products?page=1 304 39ms
[2024-10-18T16:33:45.249Z] [32minfo[39m: GET /api/rental?page=1 304 39ms
[2024-10-18T16:33:45.308Z] [32minfo[39m: GET /api/rental?page=1 304 56ms
[2024-10-18T16:33:47.872Z] [32minfo[39m: GET /api/products?page=1 304 53ms
[2024-10-18T16:33:47.917Z] [32minfo[39m: GET /api/products?page=1 304 44ms
[2024-10-18T16:38:03.605Z] [32minfo[39m: GET /api/products?page=1 304 49ms
[2024-10-18T16:38:13.047Z] [32minfo[39m: GET /api/products?page=1 304 43ms
[2024-10-18T16:38:13.097Z] [32minfo[39m: GET /api/products?page=1 304 48ms
[2024-10-18T16:38:15.276Z] [32minfo[39m: GET /api/products?page=1 304 41ms
[2024-10-18T16:38:15.324Z] [32minfo[39m: GET /api/products?page=1 304 46ms
[2024-10-18T16:39:09.260Z] [32minfo[39m: POST /api/products 200 52ms
[2024-10-18T16:39:10.982Z] [32minfo[39m: GET /api/products?page=2 200 44ms
[2024-10-18T16:39:11.372Z] [32minfo[39m: GET /api/products?page=3 200 39ms
[2024-10-18T16:39:15.532Z] [32minfo[39m: GET /api/products?page=2 304 87ms
[2024-10-19T16:05:53.787Z] [32minfo[39m: GET /api/products?page=1 304 3323ms
[2024-10-19T16:05:53.819Z] [32minfo[39m: GET /api/rental?page=1 304 352ms
[2024-10-19T16:05:54.282Z] [32minfo[39m: GET /api/products?page=1 304 487ms
[2024-10-19T16:05:54.837Z] [32minfo[39m: GET /api/rental?page=1 304 1012ms
[2024-10-19T16:05:55.024Z] [32minfo[39m: GET /api/products?page=1 304 142ms
[2024-10-19T16:05:55.335Z] [32minfo[39m: GET /api/products?page=1 304 306ms
[2024-10-19T16:06:35.274Z] [32minfo[39m: GET /api/products?page=1 304 47ms
[2024-10-19T16:06:35.377Z] [32minfo[39m: GET /api/products?page=1 304 99ms
[2024-10-19T16:06:52.016Z] [32minfo[39m: GET /api/products?page=2 304 61ms
[2024-10-19T16:06:52.269Z] [32minfo[39m: GET /api/products?page=3 304 71ms
[2024-10-19T16:06:53.934Z] [32minfo[39m: GET /api/products?page=2 304 92ms
[2024-10-19T16:06:54.952Z] [32minfo[39m: GET /api/products?page=1 304 76ms
[2024-10-19T16:07:06.736Z] [32minfo[39m: GET /api/rental?page=1 304 92ms
[2024-10-19T16:07:06.816Z] [32minfo[39m: GET /api/rental?page=1 304 74ms
[2024-10-19T16:18:39.503Z] [32minfo[39m: GET /api/products?page=1 304 323ms
[2024-10-19T16:18:39.735Z] [32minfo[39m: GET /api/products?page=1 304 229ms
[2024-10-19T16:20:15.881Z] [32minfo[39m: GET /api/products?page=1 304 257ms
[2024-10-19T16:20:16.086Z] [32minfo[39m: GET /api/products?page=1 304 200ms
[2024-10-19T16:23:24.392Z] [32minfo[39m: GET /api/products?page=2 304 252ms
[2024-10-19T16:23:25.518Z] [32minfo[39m: GET /api/products?page=1 304 82ms
[2024-10-19T16:23:27.259Z] [32minfo[39m: GET /api/products?page=2 304 251ms
[2024-10-19T16:23:29.512Z] [32minfo[39m: GET /api/products?page=1 304 804ms
[2024-10-19T16:23:38.114Z] [32minfo[39m: GET /api/rental?page=1 304 75ms
[2024-10-19T16:23:38.216Z] [32minfo[39m: GET /api/rental?page=1 304 99ms
[2024-10-19T16:23:39.239Z] [32minfo[39m: GET /api/products?page=1 304 125ms
[2024-10-19T16:23:39.341Z] [32minfo[39m: GET /api/products?page=1 304 96ms
[2024-10-19T16:24:53.684Z] [32minfo[39m: GET /api/products?page=2 304 157ms
[2024-10-19T16:24:55.732Z] [32minfo[39m: GET /api/products?page=3 304 257ms
[2024-10-19T16:24:56.857Z] [32minfo[39m: GET /api/products?page=2 304 140ms
[2024-10-19T16:24:58.190Z] [32minfo[39m: GET /api/products?page=1 304 106ms
[2024-10-19T16:25:49.081Z] [32minfo[39m: GET /api/products?page=2 304 109ms
[2024-10-19T16:26:54.921Z] [32minfo[39m: GET /api/products?page=1 304 83ms
[2024-10-19T16:29:20.426Z] [32minfo[39m: GET /api/products?page=1 304 404ms
[2024-10-19T16:29:28.620Z] [32minfo[39m: GET /api/products?page=1 304 66ms
[2024-10-19T16:29:35.379Z] [32minfo[39m: GET /api/products?page=2 304 70ms
[2024-10-19T16:29:36.095Z] [32minfo[39m: GET /api/products?page=3 304 168ms
[2024-10-19T16:29:37.121Z] [32minfo[39m: GET /api/products?page=2 304 265ms
[2024-10-19T16:29:40.752Z] [32minfo[39m: GET /api/products?page=1 304 52ms
[2024-10-19T16:32:06.123Z] [32minfo[39m: GET /api/products?page=2 304 346ms
[2024-10-19T16:32:07.576Z] [32minfo[39m: GET /api/products?page=3 304 1431ms
[2024-10-19T16:32:08.953Z] [32minfo[39m: GET /api/products?page=2 304 54ms
[2024-10-19T16:32:10.206Z] [32minfo[39m: GET /api/products?page=1 304 106ms
[2024-10-19T16:32:11.535Z] [32minfo[39m: GET /api/products?page=2 304 124ms
[2024-10-19T16:32:15.119Z] [32minfo[39m: GET /api/products?page=3 304 111ms
[2024-10-19T16:32:27.613Z] [32minfo[39m: GET /api/products?page=2 304 163ms
[2024-10-19T16:32:28.841Z] [32minfo[39m: GET /api/products?page=1 304 131ms
[2024-10-19T17:29:00.939Z] [32minfo[39m: GET /api/products?page=1 304 152ms
[2024-10-19T17:29:01.039Z] [32minfo[39m: GET /api/products?page=1 304 96ms
[2024-10-19T17:29:16.005Z] [32minfo[39m: GET /api/products?page=1 304 123ms
[2024-10-19T17:31:00.948Z] [32minfo[39m: GET /api/products?page=1 200 113ms
[2024-10-19T17:31:01.051Z] [32minfo[39m: GET /api/products?page=1 304 100ms
[2024-10-19T17:31:02.911Z] [32minfo[39m: GET /api/products?page=2 200 125ms
[2024-10-19T17:31:06.529Z] [32minfo[39m: GET /api/products?page=3 200 58ms
[2024-10-19T17:31:13.440Z] [32minfo[39m: GET /api/products?page=1 200 87ms
[2024-10-19T17:31:13.544Z] [32minfo[39m: GET /api/products?page=1 304 98ms
[2024-10-19T17:31:15.078Z] [32minfo[39m: GET /api/products?page=2 200 61ms
[2024-10-19T17:31:17.120Z] [32minfo[39m: GET /api/products?page=1 304 337ms
[2024-10-19T17:37:20.842Z] [32minfo[39m: GET /api/products?page=1 200 121ms
[2024-10-19T17:37:20.944Z] [32minfo[39m: GET /api/products?page=1 304 98ms
[2024-10-19T17:37:22.378Z] [32minfo[39m: GET /api/products?page=2 200 98ms
[2024-10-19T17:37:22.991Z] [32minfo[39m: GET /api/products?page=3 200 154ms
[2024-10-19T17:37:24.425Z] [32minfo[39m: GET /api/products?page=2 304 92ms
[2024-10-19T18:18:54.120Z] [32minfo[39m: GET /api/products?page=2 304 349ms
[2024-10-19T18:20:01.816Z] [32minfo[39m: GET /api/products?page=2 304 48ms
[2024-10-19T18:22:09.850Z] [32minfo[39m: DELETE /api/products/670c8bee1c2f1214dd8862ab 200 56ms
[2024-10-19T18:22:09.904Z] [32minfo[39m: GET /api/products?page=2 200 47ms
[2024-10-19T18:22:11.278Z] [32minfo[39m: DELETE /api/products/670c8bf01c2f1214dd8862ad 200 49ms
[2024-10-19T18:22:11.328Z] [32minfo[39m: GET /api/products?page=2 200 44ms
[2024-10-19T18:22:12.044Z] [32minfo[39m: DELETE /api/products/670c8bf11c2f1214dd8862af 200 47ms
[2024-10-19T18:22:12.096Z] [32minfo[39m: GET /api/products?page=2 200 46ms
[2024-10-19T18:22:13.014Z] [32minfo[39m: DELETE /api/products/670c8bf61c2f1214dd8862b1 200 48ms
[2024-10-19T18:22:13.091Z] [32minfo[39m: GET /api/products?page=2 200 70ms
[2024-10-19T18:22:13.920Z] [32minfo[39m: DELETE /api/products/670c8bfa1c2f1214dd8862b3 200 58ms
[2024-10-19T18:22:13.978Z] [32minfo[39m: GET /api/products?page=2 200 51ms
[2024-10-19T18:22:14.452Z] [32minfo[39m: DELETE /api/products/670c8c001c2f1214dd8862b5 200 49ms
[2024-10-19T18:22:14.502Z] [32minfo[39m: GET /api/products?page=2 200 44ms
[2024-10-19T18:22:14.958Z] [32minfo[39m: DELETE /api/products/670c8c0d1c2f1214dd8862b9 200 47ms
[2024-10-19T18:22:15.010Z] [32minfo[39m: GET /api/products?page=2 200 46ms
[2024-10-19T18:22:15.383Z] [32minfo[39m: DELETE /api/products/670c8c111c2f1214dd8862bb 200 53ms
[2024-10-19T18:22:15.434Z] [32minfo[39m: GET /api/products?page=2 200 46ms
[2024-10-19T18:22:15.774Z] [32minfo[39m: DELETE /api/products/670c8c151c2f1214dd8862bd 200 50ms
[2024-10-19T18:22:15.828Z] [32minfo[39m: GET /api/products?page=2 200 47ms
[2024-10-19T18:22:16.178Z] [32minfo[39m: DELETE /api/products/670c8c261c2f1214dd8862c1 200 51ms
[2024-10-19T18:22:16.247Z] [32minfo[39m: GET /api/products?page=2 200 63ms
[2024-10-19T18:22:16.653Z] [32minfo[39m: DELETE /api/products/670c8c2a1c2f1214dd8862c3 200 54ms
[2024-10-19T18:22:16.707Z] [32minfo[39m: GET /api/products?page=2 200 48ms
[2024-10-19T18:22:17.064Z] [32minfo[39m: DELETE /api/products/670c8c2e1c2f1214dd8862c5 200 53ms
[2024-10-19T18:22:17.114Z] [32minfo[39m: GET /api/products?page=2 200 44ms
[2024-10-19T18:22:17.472Z] [32minfo[39m: DELETE /api/products/670c8c311c2f1214dd8862c7 200 50ms
[2024-10-19T18:22:17.533Z] [32minfo[39m: GET /api/products?page=2 200 53ms
[2024-10-19T18:22:18.003Z] [32minfo[39m: DELETE /api/products/670c8c351c2f1214dd8862c9 200 48ms
[2024-10-19T18:22:18.054Z] [32minfo[39m: GET /api/products?page=2 200 46ms
[2024-10-19T18:22:19.236Z] [32minfo[39m: GET /api/products?page=1 200 46ms
[2024-10-19T18:22:20.451Z] [32minfo[39m: GET /api/products?page=2 304 44ms
[2024-10-19T18:23:09.007Z] [32minfo[39m: GET /api/products?page=1 304 55ms
[2024-10-19T18:23:09.065Z] [32minfo[39m: GET /api/products?page=1 304 52ms
[2024-10-19T18:23:10.231Z] [32minfo[39m: GET /api/products?page=2 304 50ms
[2024-10-19T18:23:25.124Z] [32minfo[39m: POST /api/products 200 70ms
[2024-10-19T18:23:25.201Z] [32minfo[39m: GET /api/products?page=1 200 59ms
[2024-10-19T18:23:31.289Z] [32minfo[39m: GET /api/products?page=1 304 2098ms
[2024-10-19T18:23:31.302Z] [32minfo[39m: GET /api/products?page=2 200 3974ms
[2024-10-19T18:23:31.367Z] [32minfo[39m: GET /api/products?page=2 304 48ms
[2024-10-19T18:25:05.826Z] [32minfo[39m: GET /api/products?page=2 304 56ms
[2024-10-19T18:25:09.199Z] [32minfo[39m: DELETE /api/products/6713f91d5c6173c7b5c58c0f 200 53ms
[2024-10-19T18:25:13.643Z] [32minfo[39m: GET /api/products?page=2 200 172ms
[2024-10-19T18:25:18.521Z] [32minfo[39m: GET /api/products?page=1 200 47ms
[2024-10-19T18:25:33.188Z] [32minfo[39m: GET /api/products?page=2 304 47ms
[2024-10-19T18:25:41.932Z] [32minfo[39m: POST /api/products 200 73ms
[2024-10-19T18:25:42.012Z] [32minfo[39m: GET /api/products?page=1 200 70ms
[2024-10-19T18:25:43.866Z] [32minfo[39m: GET /api/products?page=2 200 54ms
[2024-10-19T18:25:46.365Z] [32minfo[39m: DELETE /api/products/6713f9a5f5bd857c92024833 200 51ms
[2024-10-19T18:25:48.494Z] [32minfo[39m: GET /api/products?page=2 200 49ms
[2024-10-19T18:25:53.900Z] [32minfo[39m: GET /api/products?page=1 200 48ms
[2024-10-19T18:26:05.043Z] [32minfo[39m: GET /api/rental?page=1 304 81ms
[2024-10-19T18:26:05.094Z] [32minfo[39m: GET /api/rental?page=1 304 49ms
[2024-10-19T18:26:05.849Z] [32minfo[39m: GET /api/products?page=1 304 49ms
[2024-10-19T18:26:05.902Z] [32minfo[39m: GET /api/products?page=1 304 48ms
[2024-10-19T18:26:37.963Z] [32minfo[39m: GET /api/products?page=1 304 59ms
[2024-10-19T18:26:38.013Z] [32minfo[39m: GET /api/products?page=1 304 47ms
[2024-10-19T18:28:35.330Z] [32minfo[39m: GET /api/products?page=1 304 52ms
[2024-10-19T18:28:35.397Z] [32minfo[39m: GET /api/products?page=1 304 63ms
[2024-10-19T18:29:18.269Z] [32minfo[39m: POST /api/products 200 58ms
[2024-10-19T18:29:21.683Z] [32minfo[39m: GET /api/products?page=2 200 623ms
[2024-10-19T18:29:25.036Z] [32minfo[39m: DELETE /api/products/6713fa7ef5bd857c9202484e 200 344ms
[2024-10-19T18:29:26.916Z] [32minfo[39m: GET /api/products?page=2 200 64ms
[2024-10-19T18:29:28.087Z] [32minfo[39m: GET /api/products?page=1 304 46ms
[2024-10-19T18:30:37.669Z] [32minfo[39m: GET /api/products?page=2 304 55ms
[2024-10-19T18:30:38.917Z] [32minfo[39m: GET /api/products?page=1 304 46ms
[2024-10-19T18:32:44.240Z] [32minfo[39m: GET /api/products?page=2 304 45ms
[2024-10-19T18:32:45.305Z] [32minfo[39m: GET /api/products?page=1 304 51ms
[2024-10-19T22:30:57.757Z] [32minfo[39m: GET /api/products?page=1 304 3051ms
[2024-10-19T22:30:57.814Z] [32minfo[39m: GET /api/products?page=1 304 52ms
[2024-10-19T22:31:04.053Z] [32minfo[39m: PUT /api/products/66ea04e2b25476f3247600aa/stock 200 65ms
[2024-10-19T22:31:10.543Z] [32minfo[39m: GET /api/products?page=1 304 3270ms
[2024-10-19T22:31:10.626Z] [32minfo[39m: DELETE /api/products/66ea04e2b25476f3247600aa 200 50ms
[2024-10-19T22:31:13.799Z] [32minfo[39m: GET /api/products?page=1 200 47ms
[2024-10-19T22:31:20.488Z] [32minfo[39m: PUT /api/products/66ea0504b25476f3247600ac/stock 200 360ms
[2024-10-19T22:31:21.681Z] [32minfo[39m: GET /api/products?page=1 304 46ms
[2024-10-19T22:31:27.275Z] [32minfo[39m: GET /api/products?page=1 304 65ms
[2024-10-19T22:31:27.324Z] [32minfo[39m: GET /api/products?page=1 304 46ms
[2024-10-19T22:31:55.256Z] [32minfo[39m: PUT /api/products/66ea0504b25476f3247600ac/stock 200 48ms
[2024-10-19T22:31:58.228Z] [32minfo[39m: GET /api/products?page=1 304 53ms
[2024-10-19T22:32:20.187Z] [32minfo[39m: PUT /api/products/66ea0504b25476f3247600ac/stock 200 349ms
[2024-10-19T22:32:22.050Z] [32minfo[39m: GET /api/products?page=1 304 87ms
[2024-10-19T22:35:52.782Z] [32minfo[39m: GET /api/products?page=1 304 45ms
[2024-10-19T22:35:59.424Z] [32minfo[39m: PUT /api/products/66ea0504b25476f3247600ac/stock 200 113ms
[2024-10-19T22:36:00.709Z] [32minfo[39m: GET /api/products?page=1 200 62ms
[2024-10-19T22:38:32.802Z] [32minfo[39m: GET /api/products?page=1 304 52ms
[2024-10-19T22:38:35.617Z] [32minfo[39m: GET /api/products?page=1 304 46ms
[2024-10-19T22:38:35.673Z] [32minfo[39m: GET /api/products?page=1 304 53ms
[2024-10-19T22:38:40.059Z] [32minfo[39m: PUT /api/products/66ea0504b25476f3247600ac/stock 200 96ms
[2024-10-19T22:38:42.197Z] [32minfo[39m: GET /api/products?page=1 200 47ms
[2024-10-19T22:39:52.792Z] [32minfo[39m: GET /api/products?page=1 304 46ms
[2024-10-19T22:39:57.400Z] [32minfo[39m: PUT /api/products/66ea0504b25476f3247600ac/stock 200 125ms
[2024-10-19T22:39:58.751Z] [32minfo[39m: GET /api/products?page=1 200 50ms
[2024-10-19T22:40:03.927Z] [32minfo[39m: GET /api/products?page=1 304 46ms
[2024-10-19T22:40:04.371Z] [32minfo[39m: GET /api/products?page=1 304 442ms
[2024-10-19T22:40:07.883Z] [32minfo[39m: PUT /api/products/66ea0504b25476f3247600ac/stock 200 89ms
[2024-10-19T22:40:08.821Z] [32minfo[39m: GET /api/products?page=1 200 67ms
[2024-10-19T22:41:21.802Z] [32minfo[39m: GET /api/products?page=1 304 46ms
[2024-10-19T22:41:26.928Z] [32minfo[39m: GET /api/products?page=1 304 48ms
[2024-10-19T22:41:26.975Z] [32minfo[39m: GET /api/products?page=1 304 45ms
[2024-10-19T22:41:31.771Z] [32minfo[39m: PUT /api/products/66ea0504b25476f3247600ac/stock 200 96ms
[2024-10-19T22:41:33.810Z] [32minfo[39m: GET /api/products?page=1 200 52ms
[2024-10-19T22:41:55.791Z] [32minfo[39m: GET /api/products?page=1 304 44ms
[2024-10-19T22:41:59.883Z] [32minfo[39m: PUT /api/products/66ea0504b25476f3247600ac/stock 200 103ms
[2024-10-19T22:42:01.227Z] [32minfo[39m: GET /api/products?page=1 200 47ms
[2024-10-19T22:42:11.903Z] [32minfo[39m: GET /api/products?page=1 304 626ms
[2024-10-19T22:42:11.952Z] [32minfo[39m: GET /api/products?page=1 304 47ms
[2024-10-19T22:42:14.899Z] [32minfo[39m: PUT /api/products/66ea0504b25476f3247600ac/stock 200 95ms
[2024-10-19T22:42:16.682Z] [32minfo[39m: GET /api/products?page=1 200 45ms
[2024-10-19T22:42:22.188Z] [32minfo[39m: PUT /api/products/66ea0504b25476f3247600ac/stock 200 108ms
[2024-10-19T22:42:24.373Z] [32minfo[39m: GET /api/products?page=1 200 44ms
[2024-10-23T19:26:40.242Z] [32minfo[39m: GET /api/products?page=1 304 167ms
[2024-10-23T19:26:40.335Z] [32minfo[39m: GET /api/products?page=1 304 85ms
[2024-10-23T19:26:45.760Z] [32minfo[39m: GET /api/products?page=2 304 154ms
[2024-10-23T19:26:46.989Z] [32minfo[39m: GET /api/products?page=1 304 89ms
[2024-10-23T19:26:49.344Z] [32minfo[39m: GET /api/rental?page=1 304 155ms
[2024-10-23T19:26:49.448Z] [32minfo[39m: GET /api/rental?page=1 304 99ms
[2024-10-23T19:26:52.032Z] [32minfo[39m: GET /api/products?page=1 304 62ms
[2024-10-23T19:26:52.109Z] [32minfo[39m: GET /api/products?page=1 304 73ms
[2024-10-23T20:53:24.531Z] [32minfo[39m: GET /api/products?page=1 304 78ms
[2024-10-23T20:53:24.594Z] [32minfo[39m: GET /api/products?page=1 304 55ms
[2024-10-23T20:53:26.402Z] [32minfo[39m: GET /api/rental?page=1 304 81ms
[2024-10-23T20:53:26.493Z] [32minfo[39m: GET /api/rental?page=1 304 88ms
[2024-10-23T20:53:41.641Z] [32minfo[39m: GET /api/products?page=1 304 58ms
[2024-10-23T20:53:41.694Z] [32minfo[39m: GET /api/products?page=1 304 50ms
[2024-10-23T21:09:54.381Z] [32minfo[39m: GET /api/products?page=1 304 60ms
[2024-10-23T21:09:54.436Z] [32minfo[39m: GET /api/products?page=1 304 54ms
[2024-10-23T21:30:57.550Z] [32minfo[39m: GET /api/products?page=1 304 564ms
[2024-10-23T21:30:57.615Z] [32minfo[39m: GET /api/products?page=1 304 58ms
[2024-10-23T21:31:00.736Z] [32minfo[39m: GET /api/products?page=2 304 62ms
[2024-10-23T22:38:41.797Z] [32minfo[39m: GET /api/rental?page=1 304 84ms
[2024-10-23T22:38:41.861Z] [32minfo[39m: GET /api/rental?page=1 304 55ms
[2024-10-23T22:39:08.790Z] [32minfo[39m: GET /api/rental?page=2 304 66ms
[2024-10-23T22:40:32.648Z] [32minfo[39m: GET /api/products?page=1 304 64ms
[2024-10-23T22:40:32.710Z] [32minfo[39m: GET /api/products?page=1 304 58ms
[2024-10-23T22:40:33.108Z] [32minfo[39m: GET /api/rental?page=1 304 69ms
[2024-10-23T22:40:33.163Z] [32minfo[39m: GET /api/rental?page=1 304 54ms
[2024-10-23T22:40:38.606Z] [32minfo[39m: GET /api/rental?page=2 304 60ms
[2024-10-23T22:41:00.979Z] [32minfo[39m: POST /api/rental 201 90ms
[2024-10-24T15:25:11.692Z] [32minfo[39m: GET /api/products?page=1 304 127ms
[2024-10-24T15:25:12.065Z] [32minfo[39m: GET /api/products?page=1 304 365ms
[2024-10-24T15:25:21.499Z] [32minfo[39m: GET /api/products?page=2 304 272ms
[2024-10-24T15:25:33.421Z] [32minfo[39m: GET /api/rental?page=1 304 100ms
[2024-10-24T15:25:33.469Z] [32minfo[39m: GET /api/rental?page=1 304 45ms
[2024-10-24T15:25:36.757Z] [32minfo[39m: GET /api/products?page=1 304 282ms
[2024-10-24T15:25:36.811Z] [32minfo[39m: GET /api/products?page=1 304 49ms
[2024-10-24T15:25:37.081Z] [32minfo[39m: GET /api/rental?page=1 304 52ms
[2024-10-24T15:25:37.371Z] [32minfo[39m: GET /api/rental?page=1 304 286ms
[2024-10-24T15:25:43.923Z] [32minfo[39m: GET /api/products?page=1 304 207ms
[2024-10-24T15:25:44.037Z] [32minfo[39m: GET /api/products?page=1 304 110ms
[2024-10-24T15:25:45.390Z] [32minfo[39m: GET /api/products?page=1 304 228ms
[2024-10-24T15:25:45.459Z] [32minfo[39m: GET /api/products?page=1 304 64ms
[2024-10-24T15:25:45.664Z] [32minfo[39m: GET /api/rental?page=1 304 173ms
[2024-10-24T15:25:45.714Z] [32minfo[39m: GET /api/rental?page=1 304 43ms
[2024-10-24T15:26:03.582Z] [32minfo[39m: GET /api/rental?page=2 304 304ms
[2024-10-25T14:58:12.739Z] [32minfo[39m: GET /api/products?page=1 304 204ms
[2024-10-25T14:58:12.798Z] [32minfo[39m: GET /api/products?page=1 304 49ms
[2024-10-25T15:02:50.635Z] [32minfo[39m: GET /api/products?page=1 304 143ms
[2024-10-25T15:07:15.639Z] [32minfo[39m: GET /api/products?page=1 304 120ms
[2024-10-25T15:10:55.381Z] [32minfo[39m: GET /api/products?page=2 304 150ms
[2024-10-25T15:10:56.506Z] [32minfo[39m: GET /api/products?page=1 304 121ms
[2024-10-25T15:12:05.669Z] [32minfo[39m: GET /api/products?page=1 304 44ms
[2024-10-25T15:13:24.778Z] [32minfo[39m: GET /api/products?page=2 304 86ms
[2024-10-25T15:13:26.624Z] [32minfo[39m: GET /api/products?page=1 304 112ms
[2024-10-25T15:13:44.139Z] [32minfo[39m: GET /api/rental?page=1 304 221ms
[2024-10-25T15:13:44.852Z] [32minfo[39m: GET /api/rental?page=1 304 709ms
[2024-10-25T15:16:40.665Z] [32minfo[39m: GET /api/rental?page=1 304 199ms
[2024-10-25T15:55:48.129Z] [32minfo[39m: GET /api/rental?page=1 304 789ms
[2024-10-25T15:55:48.487Z] [32minfo[39m: GET /api/rental?page=1 304 352ms
[2024-10-25T15:56:19.872Z] [32minfo[39m: GET /api/rental?page=1 304 170ms
[2024-10-25T15:56:19.989Z] [32minfo[39m: GET /api/rental?page=1 304 112ms
[2024-10-25T15:56:43.120Z] [32minfo[39m: GET /api/products?page=1 304 183ms
[2024-10-25T15:56:43.220Z] [32minfo[39m: GET /api/products?page=1 304 96ms
[2024-10-25T15:56:43.628Z] [32minfo[39m: GET /api/rental?page=1 304 185ms
[2024-10-25T15:56:43.736Z] [32minfo[39m: GET /api/rental?page=1 304 104ms
[2024-10-25T16:26:18.241Z] [32minfo[39m: GET /api/rental?page=1 304 53ms
[2024-10-25T16:26:18.285Z] [32minfo[39m: GET /api/rental?page=1 304 41ms
[2024-10-25T16:27:18.302Z] [32minfo[39m: GET /api/rental?page=1 304 121ms
[2024-10-25T16:27:18.401Z] [32minfo[39m: GET /api/rental?page=1 304 95ms
[2024-10-25T16:34:16.310Z] [32minfo[39m: GET /api/rental?page=1 304 335ms
[2024-10-25T16:34:16.600Z] [32minfo[39m: GET /api/rental?page=1 304 288ms
[2024-10-25T16:34:54.261Z] [32minfo[39m: GET /api/products?page=1 304 140ms
[2024-10-25T16:34:54.312Z] [32minfo[39m: GET /api/products?page=1 304 41ms
[2024-10-25T16:34:56.208Z] [32minfo[39m: GET /api/rental?page=1 304 163ms
[2024-10-25T16:34:56.418Z] [32minfo[39m: GET /api/rental?page=1 304 206ms
[2024-10-25T16:36:12.699Z] [32minfo[39m: GET /api/rental?page=1 304 305ms
[2024-10-26T23:55:33.278Z] [32minfo[39m: GET /api/products?page=1 304 67ms
[2024-10-26T23:55:33.333Z] [32minfo[39m: GET /api/products?page=1 304 49ms
[2024-10-26T23:55:42.125Z] [32minfo[39m: GET /api/rental?page=1 304 59ms
[2024-10-26T23:55:42.186Z] [32minfo[39m: GET /api/rental?page=1 304 58ms
[2024-10-26T23:55:42.740Z] [32minfo[39m: GET /api/products?page=1 304 52ms
[2024-10-26T23:55:42.794Z] [32minfo[39m: GET /api/products?page=1 304 53ms
[2024-10-26T23:55:43.531Z] [32minfo[39m: GET /api/rental?page=1 304 60ms
[2024-10-26T23:55:43.588Z] [32minfo[39m: GET /api/rental?page=1 304 55ms
[2024-10-26T23:57:42.551Z] [32minfo[39m: GET /api/products?page=1 304 55ms
[2024-10-26T23:57:42.611Z] [32minfo[39m: GET /api/products?page=1 304 56ms
[2024-10-26T23:57:43.011Z] [32minfo[39m: GET /api/rental?page=1 304 75ms
[2024-10-26T23:57:43.065Z] [32minfo[39m: GET /api/rental?page=1 304 53ms
[2024-10-26T23:57:46.479Z] [32minfo[39m: GET /api/rental?page=1 304 53ms
[2024-10-26T23:57:46.533Z] [32minfo[39m: GET /api/rental?page=1 304 52ms
[2024-10-26T23:59:12.358Z] [32minfo[39m: GET /api/products?page=1 304 51ms
[2024-10-26T23:59:12.413Z] [32minfo[39m: GET /api/products?page=1 304 53ms
[2024-10-26T23:59:12.705Z] [32minfo[39m: GET /api/rental?page=1 304 58ms
[2024-10-26T23:59:12.761Z] [32minfo[39m: GET /api/rental?page=1 304 54ms
[2024-10-26T23:59:13.571Z] [32minfo[39m: GET /api/products?page=1 304 58ms
[2024-10-26T23:59:13.626Z] [32minfo[39m: GET /api/products?page=1 304 54ms
[2024-10-26T23:59:14.083Z] [32minfo[39m: GET /api/rental?page=1 304 54ms
[2024-10-26T23:59:14.137Z] [32minfo[39m: GET /api/rental?page=1 304 52ms
[2024-10-27T00:00:27.692Z] [32minfo[39m: GET /api/products?page=1 304 60ms
[2024-10-27T00:00:27.745Z] [32minfo[39m: GET /api/products?page=1 304 51ms
[2024-10-27T00:00:29.209Z] [32minfo[39m: GET /api/rental?page=1 304 55ms
[2024-10-27T00:00:29.262Z] [32minfo[39m: GET /api/rental?page=1 304 51ms
[2024-10-27T00:00:37.212Z] [32minfo[39m: GET /api/products?page=1 304 61ms
[2024-10-27T00:00:37.271Z] [32minfo[39m: GET /api/products?page=1 304 57ms
[2024-10-27T00:00:52.549Z] [32minfo[39m: GET /api/rental?page=1 304 57ms
[2024-10-27T00:00:52.603Z] [32minfo[39m: GET /api/rental?page=1 304 51ms
[2024-10-27T00:01:47.893Z] [32minfo[39m: GET /api/products?page=1 304 59ms
[2024-10-27T00:01:47.952Z] [32minfo[39m: GET /api/products?page=1 304 57ms
[2024-10-27T00:01:48.294Z] [32minfo[39m: GET /api/rental?page=1 304 49ms
[2024-10-27T00:01:48.350Z] [32minfo[39m: GET /api/rental?page=1 304 54ms
[2024-10-27T00:21:06.676Z] [32minfo[39m: GET /api/products?page=1 304 53ms
[2024-10-27T00:21:06.731Z] [32minfo[39m: GET /api/products?page=1 304 53ms
[2024-10-27T00:21:08.855Z] [32minfo[39m: GET /api/rental?page=1 304 60ms
[2024-10-27T00:21:08.911Z] [32minfo[39m: GET /api/rental?page=1 304 54ms
[2024-10-27T00:21:17.092Z] [32minfo[39m: GET /api/products?page=1 304 54ms
[2024-10-27T00:21:17.146Z] [32minfo[39m: GET /api/products?page=1 304 52ms
[2024-10-27T00:21:18.775Z] [32minfo[39m: GET /api/rental?page=1 304 59ms
[2024-10-27T00:21:18.830Z] [32minfo[39m: GET /api/rental?page=1 304 53ms
[2024-10-27T00:21:19.422Z] [32minfo[39m: GET /api/products?page=1 304 50ms
[2024-10-27T00:21:19.476Z] [32minfo[39m: GET /api/products?page=1 304 52ms
[2024-10-27T00:21:39.224Z] [32minfo[39m: GET /api/rental?page=1 304 52ms
[2024-10-27T00:21:39.276Z] [32minfo[39m: GET /api/rental?page=1 304 50ms
[2024-10-27T00:22:37.513Z] [32minfo[39m: GET /api/products?page=1 304 58ms
[2024-10-27T00:22:37.572Z] [32minfo[39m: GET /api/products?page=1 304 57ms
[2024-10-27T00:22:38.000Z] [32minfo[39m: GET /api/rental?page=1 304 53ms
[2024-10-27T00:22:38.055Z] [32minfo[39m: GET /api/rental?page=1 304 53ms
[2024-10-27T00:22:47.140Z] [32minfo[39m: GET /api/products?page=1 304 60ms
[2024-10-27T00:22:47.194Z] [32minfo[39m: GET /api/products?page=1 304 53ms
[2024-10-27T00:22:48.497Z] [32minfo[39m: GET /api/rental?page=1 304 53ms
[2024-10-27T00:22:48.552Z] [32minfo[39m: GET /api/rental?page=1 304 54ms
[2024-10-27T00:24:58.480Z] [32minfo[39m: GET /api/rental?page=1 304 47ms
[2024-10-27T00:25:05.509Z] [32minfo[39m: GET /api/rental?page=1 304 52ms
[2024-10-27T00:25:45.510Z] [32minfo[39m: GET /api/rental?page=1 304 60ms
[2024-10-27T00:26:18.174Z] [32minfo[39m: GET /api/rental?page=1 304 318ms
[2024-10-27T00:27:32.509Z] [32minfo[39m: GET /api/rental?page=1 304 51ms
[2024-10-27T00:27:51.768Z] [32minfo[39m: GET /api/products?page=1 304 56ms
[2024-10-27T00:27:51.820Z] [32minfo[39m: GET /api/products?page=1 304 50ms
[2024-10-27T00:27:52.596Z] [32minfo[39m: GET /api/rental?page=1 304 53ms
[2024-10-27T00:27:52.654Z] [32minfo[39m: GET /api/rental?page=1 304 57ms
[2024-10-27T00:27:54.308Z] [32minfo[39m: GET /api/products?page=1 304 52ms
[2024-10-27T00:27:54.360Z] [32minfo[39m: GET /api/products?page=1 304 51ms
[2024-10-27T00:27:58.030Z] [32minfo[39m: GET /api/rental?page=1 304 62ms
[2024-10-27T00:27:58.080Z] [32minfo[39m: GET /api/rental?page=1 304 49ms
[2024-10-27T03:46:15.453Z] [32minfo[39m: GET /api/rental?page=2 304 63ms
[2024-10-27T03:46:20.979Z] [32minfo[39m: POST /api/rental 201 78ms
[2024-10-27T03:46:22.647Z] [32minfo[39m: GET /api/rental?page=1 200 59ms
[2024-10-27T03:46:27.544Z] [32minfo[39m: GET /api/rental?page=2 200 52ms
[2024-10-27T03:47:00.801Z] [32minfo[39m: GET /api/products?page=1 304 54ms
[2024-10-27T03:47:00.854Z] [32minfo[39m: GET /api/products?page=1 304 51ms
[2024-10-27T03:47:11.934Z] [32minfo[39m: GET /api/products?page=2 304 57ms
[2024-10-27T03:47:22.256Z] [32minfo[39m: GET /api/products?page=1 304 53ms
[2024-10-27T03:47:31.240Z] [32minfo[39m: GET /api/rental?page=1 304 60ms
[2024-10-27T03:47:31.300Z] [32minfo[39m: GET /api/rental?page=1 304 57ms
[2024-10-27T03:47:32.522Z] [32minfo[39m: GET /api/products?page=1 304 52ms
[2024-10-27T03:47:32.577Z] [32minfo[39m: GET /api/products?page=1 304 53ms
[2024-10-27T03:47:33.478Z] [32minfo[39m: GET /api/rental?page=1 304 55ms
[2024-10-27T03:47:33.532Z] [32minfo[39m: GET /api/rental?page=1 304 51ms
[2024-10-27T03:47:35.344Z] [32minfo[39m: GET /api/products?page=1 304 58ms
[2024-10-27T03:47:35.399Z] [32minfo[39m: GET /api/products?page=1 304 52ms
[2024-10-27T03:47:35.811Z] [32minfo[39m: GET /api/rental?page=1 304 55ms
[2024-10-27T03:47:35.869Z] [32minfo[39m: GET /api/rental?page=1 304 56ms
[2024-10-27T03:47:36.741Z] [32minfo[39m: GET /api/products?page=1 304 57ms
[2024-10-27T03:47:36.797Z] [32minfo[39m: GET /api/products?page=1 304 53ms
[2024-10-27T03:51:02.335Z] [32minfo[39m: GET /api/products?page=2 304 59ms
[2024-10-27T03:51:04.426Z] [32minfo[39m: GET /api/products?page=1 304 50ms
[2024-10-27T03:51:39.919Z] [32minfo[39m: GET /api/rental?page=1 304 54ms
[2024-10-27T03:51:39.974Z] [32minfo[39m: GET /api/rental?page=1 304 52ms
[2024-10-27T15:02:34.390Z] [32minfo[39m: GET /api/products?page=1 304 105ms
[2024-10-27T15:02:34.616Z] [32minfo[39m: GET /api/products?page=1 304 65ms
[2024-10-27T15:36:59.067Z] [32minfo[39m: GET /api/category/ 200 66ms
[2024-10-27T15:37:26.111Z] [32minfo[39m: GET /api/category/ 200 110ms
[2024-10-27T15:37:44.749Z] [31merror[39m: error al guardar la categoria Cannot access 'category' before initialization
[2024-10-27T15:38:49.085Z] [32minfo[39m: GET /api/category/ 200 53ms
[2024-10-27T16:56:49.037Z] [31merror[39m: error al guardar la categoria Cannot access 'category' before initialization
[2024-10-27T16:56:56.866Z] [32minfo[39m: GET /api/category/ 200 60ms
[2024-10-27T16:57:00.750Z] [31merror[39m: error al guardar la categoria Cannot access 'category' before initialization
[2024-10-27T16:57:29.674Z] [31merror[39m: error al guardar la categoria Cannot access 'category' before initialization
[2024-10-27T16:59:43.373Z] [32minfo[39m: POST /api/category/ 200 149ms
[2024-10-27T16:59:59.891Z] [32minfo[39m: POST /api/category/ 200 151ms
[2024-10-27T17:00:17.711Z] [32minfo[39m: POST /api/category/ 200 136ms
[2024-10-27T17:00:21.693Z] [32minfo[39m: GET /api/category/ 200 123ms
[2024-10-27T17:00:28.513Z] [31merror[39m: error al obtener la categoria por id Cannot access 'category' before initialization
[2024-10-27T17:01:13.117Z] [32minfo[39m: GET /api/category/671e717f4f8954fd4a287225 200 100ms
[2024-10-27T17:01:20.851Z] [32minfo[39m: GET /api/category/ 200 67ms
[2024-10-27T17:01:27.636Z] [32minfo[39m: DELETE /api/category/671e71a10c8b754fd0f837cb 200 128ms
[2024-10-27T17:01:33.462Z] [32minfo[39m: DELETE /api/category/ 404 2ms
[2024-10-27T17:01:38.797Z] [32minfo[39m: GET /api/category/ 200 87ms
[2024-10-27T17:10:23.713Z] [32minfo[39m: GET /api/category 200 100ms
[2024-10-27T17:10:23.809Z] [32minfo[39m: GET /api/category 304 86ms
[2024-10-27T17:10:27.681Z] [32minfo[39m: GET /api/category 304 75ms
[2024-10-27T17:10:27.768Z] [32minfo[39m: GET /api/category 304 82ms
[2024-10-27T17:10:41.195Z] [32minfo[39m: GET /api/category 304 92ms
[2024-10-27T17:10:41.290Z] [32minfo[39m: GET /api/category 304 92ms
[2024-10-27T17:10:45.978Z] [32minfo[39m: GET /api/rental?page=1 304 96ms
[2024-10-27T17:10:46.066Z] [32minfo[39m: GET /api/rental?page=1 304 84ms
[2024-10-27T17:10:46.757Z] [32minfo[39m: GET /api/category 304 66ms
[2024-10-27T17:10:46.929Z] [32minfo[39m: GET /api/category 304 168ms
[2024-10-27T17:12:32.810Z] [32minfo[39m: GET /api/category 304 120ms
[2024-10-27T17:12:32.910Z] [32minfo[39m: GET /api/category 304 95ms
[2024-10-27T17:12:39.670Z] [32minfo[39m: GET /api/category 304 81ms
[2024-10-27T17:12:39.776Z] [32minfo[39m: GET /api/category 304 101ms
[2024-10-27T17:17:01.702Z] [32minfo[39m: GET /api/category 304 108ms
[2024-10-27T17:17:01.804Z] [32minfo[39m: GET /api/category 304 99ms
[2024-10-27T17:17:31.435Z] [32minfo[39m: GET /api/category 304 57ms
[2024-10-27T17:17:31.490Z] [32minfo[39m: GET /api/category 304 51ms
[2024-10-27T17:17:37.196Z] [32minfo[39m: GET /api/rental?page=1 304 58ms
[2024-10-27T17:17:37.253Z] [32minfo[39m: GET /api/rental?page=1 304 52ms
[2024-10-27T17:17:37.960Z] [32minfo[39m: GET /api/category 304 54ms
[2024-10-27T17:17:38.023Z] [32minfo[39m: GET /api/category 304 60ms
[2024-10-27T17:17:46.039Z] [32minfo[39m: GET /api/category 304 124ms
[2024-10-27T17:17:46.126Z] [32minfo[39m: GET /api/category 304 85ms
[2024-10-27T17:22:01.151Z] [32minfo[39m: GET /api/category 304 53ms
[2024-10-27T17:22:01.213Z] [32minfo[39m: GET /api/category 304 60ms
[2024-10-27T17:22:06.744Z] [32minfo[39m: DELETE /api/category/671e718f87b8c00d7f122b71 200 122ms
[2024-10-27T17:22:12.477Z] [32minfo[39m: GET /api/category 200 138ms
[2024-10-27T17:22:12.580Z] [32minfo[39m: GET /api/category 304 99ms
[2024-10-27T17:23:19.649Z] [32minfo[39m: GET /api/category 304 130ms
[2024-10-27T17:23:34.117Z] [31merror[39m: error al eliminar la categoria logger is not a function
[2024-10-27T17:23:36.033Z] [32minfo[39m: GET /api/category 304 117ms
[2024-10-27T17:23:36.137Z] [32minfo[39m: GET /api/category 304 99ms
[2024-10-27T17:23:43.407Z] [32minfo[39m: POST /api/category/ 200 167ms
[2024-10-27T17:23:51.801Z] [32minfo[39m: POST /api/category/ 200 159ms
[2024-10-27T17:23:54.158Z] [32minfo[39m: GET /api/category 200 127ms
[2024-10-27T17:23:54.221Z] [32minfo[39m: GET /api/category 304 59ms
[2024-10-27T17:25:15.666Z] [32minfo[39m: GET /api/category 304 79ms
[2024-10-27T17:25:38.808Z] [32minfo[39m: DELETE /api/category/671e7727170fd74d14759fec 200 139ms
[2024-10-27T17:25:41.982Z] [32minfo[39m: GET /api/category 200 141ms
[2024-10-27T17:25:42.084Z] [32minfo[39m: GET /api/category 304 100ms
[2024-10-27T17:25:45.773Z] [32minfo[39m: DELETE /api/category/671e771f170fd74d14759fea 200 119ms
[2024-10-27T17:25:57.649Z] [32minfo[39m: POST /api/category/ 200 149ms
[2024-10-27T17:26:03.282Z] [32minfo[39m: POST /api/category/ 200 128ms
[2024-10-27T17:26:06.045Z] [32minfo[39m: GET /api/category 200 143ms
[2024-10-27T17:26:06.148Z] [32minfo[39m: GET /api/category 304 99ms
[2024-10-27T17:26:26.935Z] [32minfo[39m: GET /api/products?page=1 304 127ms
[2024-10-27T17:26:27.038Z] [32minfo[39m: GET /api/products?page=1 304 100ms
[2024-10-27T17:26:28.857Z] [32minfo[39m: GET /api/rental?page=1 304 53ms
[2024-10-27T17:26:28.983Z] [32minfo[39m: GET /api/rental?page=1 304 124ms
[2024-10-27T17:26:29.292Z] [32minfo[39m: GET /api/products?page=1 304 124ms
[2024-10-27T17:26:29.392Z] [32minfo[39m: GET /api/products?page=1 304 97ms
[2024-10-27T17:26:30.111Z] [32minfo[39m: GET /api/products?page=1 304 154ms
[2024-10-27T17:26:30.213Z] [32minfo[39m: GET /api/products?page=1 304 98ms
[2024-10-27T17:26:31.441Z] [32minfo[39m: GET /api/rental?page=1 304 129ms
[2024-10-27T17:26:31.542Z] [32minfo[39m: GET /api/rental?page=1 304 97ms
[2024-10-27T17:26:37.687Z] [32minfo[39m: GET /api/category 304 93ms
[2024-10-27T17:26:37.790Z] [32minfo[39m: GET /api/category 304 99ms
[2024-10-27T17:26:58.788Z] [32minfo[39m: GET /api/category 304 58ms
[2024-10-27T17:26:58.845Z] [32minfo[39m: GET /api/category 304 53ms
[2024-10-27T17:27:27.832Z] [32minfo[39m: GET /api/category 304 52ms
[2024-10-27T17:27:30.012Z] [32minfo[39m: DELETE /api/category/671e77ab170fd74d14759ff7 200 153ms
[2024-10-27T17:27:32.776Z] [32minfo[39m: POST /api/category/ 200 86ms
[2024-10-27T17:27:34.469Z] [32minfo[39m: GET /api/category 200 59ms
[2024-10-27T17:27:34.620Z] [32minfo[39m: GET /api/category 304 146ms
[2024-10-27T17:30:14.673Z] [32minfo[39m: GET /api/category 304 84ms
[2024-10-27T17:32:45.702Z] [32minfo[39m: GET /api/category 304 102ms
[2024-10-27T17:32:51.651Z] [32minfo[39m: GET /api/category 304 58ms
[2024-10-27T17:32:51.748Z] [32minfo[39m: GET /api/category 304 94ms
[2024-10-27T17:33:03.499Z] [32minfo[39m: GET /api/category 304 55ms
[2024-10-27T17:33:10.872Z] [32minfo[39m: GET /api/category 304 110ms
[2024-10-27T17:33:10.965Z] [32minfo[39m: GET /api/category 304 89ms
[2024-10-27T17:33:13.759Z] [32minfo[39m: GET /api/category 304 119ms
[2024-10-27T17:33:13.861Z] [32minfo[39m: GET /api/category 304 100ms
[2024-10-27T17:33:46.659Z] [32minfo[39m: GET /api/category 304 61ms
[2024-10-27T17:33:48.267Z] [32minfo[39m: GET /api/category 304 136ms
[2024-10-27T17:33:48.370Z] [32minfo[39m: GET /api/category 304 100ms
[2024-10-27T17:35:11.681Z] [32minfo[39m: GET /api/category 304 98ms
[2024-10-27T17:35:30.664Z] [32minfo[39m: GET /api/category 304 73ms
[2024-10-27T17:35:36.603Z] [32minfo[39m: POST /api/category 200 130ms
[2024-10-27T17:35:39.675Z] [32minfo[39m: DELETE /api/category/671e79e8170fd74d1475a027 200 76ms
[2024-10-27T17:35:47.868Z] [32minfo[39m: GET /api/products?page=1 304 86ms
[2024-10-27T17:35:47.971Z] [32minfo[39m: GET /api/products?page=1 304 101ms
[2024-10-27T17:35:52.986Z] [32minfo[39m: GET /api/rental?page=1 304 107ms
[2024-10-27T17:35:53.089Z] [32minfo[39m: GET /api/rental?page=1 304 100ms
[2024-10-27T17:35:57.799Z] [32minfo[39m: GET /api/products?page=1 304 136ms
[2024-10-27T17:35:57.902Z] [32minfo[39m: GET /api/products?page=1 304 99ms
[2024-10-27T17:35:58.516Z] [32minfo[39m: GET /api/rental?page=1 304 109ms
[2024-10-27T17:35:58.619Z] [32minfo[39m: GET /api/rental?page=1 304 101ms
[2024-10-27T17:36:00.666Z] [32minfo[39m: GET /api/category 200 162ms
[2024-10-27T17:36:00.771Z] [32minfo[39m: GET /api/category 304 100ms
[2024-10-27T17:36:01.895Z] [32minfo[39m: GET /api/category 304 141ms
[2024-10-27T17:36:01.997Z] [32minfo[39m: GET /api/category 304 98ms
[2024-10-27T17:36:10.496Z] [32minfo[39m: GET /api/products?page=1 304 92ms
[2024-10-27T17:36:10.599Z] [32minfo[39m: GET /api/products?page=1 304 100ms
[2024-10-27T17:36:19.711Z] [32minfo[39m: GET /api/category 304 132ms
[2024-10-27T17:36:19.813Z] [32minfo[39m: GET /api/category 304 100ms
[2024-10-27T17:36:33.843Z] [32minfo[39m: GET /api/products?page=1 304 170ms
[2024-10-27T17:36:33.945Z] [32minfo[39m: GET /api/products?page=1 304 97ms
[2024-10-27T18:08:42.116Z] [32minfo[39m: GET /api/category 304 58ms
[2024-10-27T18:08:42.190Z] [32minfo[39m: GET /api/category 304 72ms
[2024-10-27T18:08:53.967Z] [32minfo[39m: GET /api/products?page=1 304 164ms
[2024-10-27T18:08:54.070Z] [32minfo[39m: GET /api/products?page=1 304 98ms
[2024-10-27T18:21:19.943Z] [32minfo[39m: GET /api/category 304 85ms
[2024-10-27T18:21:19.946Z] [32minfo[39m: GET /api/products?page=1 304 104ms
[2024-10-27T18:21:20.034Z] [32minfo[39m: GET /api/category 304 85ms
[2024-10-27T18:21:20.038Z] [32minfo[39m: GET /api/products?page=1 304 86ms
[2024-10-27T18:22:56.397Z] [32minfo[39m: GET /api/rental?page=1 304 63ms
[2024-10-27T18:22:56.453Z] [32minfo[39m: GET /api/rental?page=1 304 55ms
[2024-10-27T18:22:56.792Z] [32minfo[39m: GET /api/products?page=1 304 116ms
[2024-10-27T18:22:56.905Z] [32minfo[39m: GET /api/products?page=1 304 111ms
[2024-10-27T18:23:38.270Z] [32minfo[39m: POST /api/category 200 176ms
[2024-10-27T18:23:40.113Z] [32minfo[39m: GET /api/products?page=1 304 168ms
[2024-10-27T18:23:40.212Z] [32minfo[39m: GET /api/products?page=1 304 96ms
[2024-10-27T18:23:46.564Z] [32minfo[39m: DELETE /api/category/671e852a170fd74d1475a05c 200 97ms
[2024-10-27T18:23:47.852Z] [32minfo[39m: GET /api/rental?page=1 304 59ms
[2024-10-27T18:23:47.915Z] [32minfo[39m: GET /api/rental?page=1 304 60ms
[2024-10-27T18:23:48.206Z] [32minfo[39m: GET /api/products?page=1 304 75ms
[2024-10-27T18:23:48.306Z] [32minfo[39m: GET /api/products?page=1 304 97ms
[2024-10-27T18:24:38.688Z] [32minfo[39m: GET /api/products?page=1 304 84ms
[2024-10-27T18:24:38.790Z] [32minfo[39m: GET /api/products?page=1 304 101ms
[2024-10-27T18:24:41.756Z] [32minfo[39m: GET /api/products?page=1 304 154ms
[2024-10-27T18:24:41.760Z] [32minfo[39m: GET /api/category 200 154ms
[2024-10-27T18:24:41.860Z] [32minfo[39m: GET /api/category 304 93ms
[2024-10-27T18:24:41.862Z] [32minfo[39m: GET /api/products?page=1 304 98ms
[2024-10-27T18:24:58.858Z] [32minfo[39m: GET /api/rental?page=1 304 103ms
[2024-10-27T18:24:58.960Z] [32minfo[39m: GET /api/rental?page=1 304 99ms
[2024-10-27T18:24:59.267Z] [32minfo[39m: GET /api/products?page=1 304 113ms
[2024-10-27T18:24:59.370Z] [32minfo[39m: GET /api/products?page=1 304 97ms
[2024-10-27T18:24:59.780Z] [32minfo[39m: GET /api/rental?page=1 304 105ms
[2024-10-27T18:24:59.885Z] [32minfo[39m: GET /api/rental?page=1 304 101ms
[2024-10-27T18:25:12.947Z] [32minfo[39m: GET /api/rental?page=1 304 117ms
[2024-10-27T18:25:13.009Z] [32minfo[39m: GET /api/rental?page=1 304 56ms
[2024-10-27T18:25:14.421Z] [32minfo[39m: GET /api/products?page=1 304 126ms
[2024-10-27T18:25:14.532Z] [32minfo[39m: GET /api/products?page=1 304 107ms
[2024-10-27T18:25:14.729Z] [32minfo[39m: GET /api/rental?page=1 304 132ms
[2024-10-27T18:25:14.788Z] [32minfo[39m: GET /api/rental?page=1 304 55ms
[2024-10-27T18:25:25.686Z] [32minfo[39m: GET /api/rental?page=1 304 78ms
[2024-10-27T18:25:25.788Z] [32minfo[39m: GET /api/rental?page=1 304 100ms
[2024-10-27T18:32:26.335Z] [32minfo[39m: GET /api/rental?page=1 304 164ms
[2024-10-27T18:32:26.436Z] [32minfo[39m: GET /api/rental?page=1 304 99ms
[2024-10-27T18:32:26.846Z] [32minfo[39m: GET /api/products?page=1 304 146ms
[2024-10-27T18:32:26.948Z] [32minfo[39m: GET /api/products?page=1 304 99ms
[2024-10-27T18:32:27.255Z] [32minfo[39m: GET /api/rental?page=1 304 67ms
[2024-10-27T18:32:27.358Z] [32minfo[39m: GET /api/rental?page=1 304 100ms
[2024-10-27T18:32:32.477Z] [32minfo[39m: GET /api/rental?page=2 304 72ms
[2024-10-27T18:32:33.708Z] [32minfo[39m: GET /api/rental?page=3 304 87ms
[2024-10-27T18:32:42.410Z] [32minfo[39m: GET /api/rental?page=1 304 78ms
[2024-10-27T18:32:42.514Z] [32minfo[39m: GET /api/rental?page=1 304 101ms
[2024-10-27T18:32:47.428Z] [32minfo[39m: GET /api/rental?page=2 304 101ms
[2024-10-27T18:32:49.374Z] [32minfo[39m: GET /api/rental?page=3 304 133ms
[2024-10-27T18:44:24.042Z] [32minfo[39m: GET /api/products?page=1 304 464ms
[2024-10-27T18:44:24.101Z] [32minfo[39m: GET /api/products?page=1 304 57ms
[2024-10-27T18:45:34.607Z] [32minfo[39m: GET /api/products?page=2 304 52ms
[2024-10-27T18:45:36.782Z] [32minfo[39m: GET /api/products?page=1 304 55ms
[2024-10-27T18:45:48.844Z] [32minfo[39m: GET /api/products?page=2 304 49ms
[2024-10-27T18:46:02.638Z] [32minfo[39m: GET /api/products?page=1 304 55ms
[2024-10-27T18:46:02.692Z] [32minfo[39m: GET /api/products?page=1 304 51ms
[2024-10-27T18:46:07.204Z] [32minfo[39m: GET /api/rental?page=1 304 52ms
[2024-10-27T18:46:07.257Z] [32minfo[39m: GET /api/rental?page=1 304 52ms
[2024-10-27T18:48:40.494Z] [32minfo[39m: GET /api/products?page=1 304 52ms
[2024-10-27T18:48:40.551Z] [32minfo[39m: GET /api/products?page=1 304 56ms
[2024-10-27T18:48:47.299Z] [32minfo[39m: GET /api/products?page=2 304 55ms
[2024-10-27T18:48:50.287Z] [32minfo[39m: GET /api/products?page=1 304 50ms
[2024-10-27T18:52:23.956Z] [32minfo[39m: POST /api/products 200 68ms
[2024-10-27T18:52:26.699Z] [32minfo[39m: GET /api/products?page=2 200 65ms
[2024-10-27T18:52:31.760Z] [32minfo[39m: DELETE /api/products/671e8be7170fd74d1475a0c3 200 67ms
[2024-10-27T18:52:33.878Z] [32minfo[39m: GET /api/products?page=2 200 56ms
[2024-10-27T18:52:35.888Z] [32minfo[39m: GET /api/products?page=1 304 57ms
[2024-10-27T18:53:14.069Z] [32minfo[39m: POST /api/products 200 53ms
[2024-10-27T18:53:19.607Z] [32minfo[39m: GET /api/products?page=2 200 63ms
[2024-10-27T18:53:22.180Z] [32minfo[39m: DELETE /api/products/671e8c1a170fd74d1475a0cc 200 60ms
[2024-10-27T18:53:22.938Z] [32minfo[39m: GET /api/products?page=2 200 52ms
[2024-10-27T18:53:43.638Z] [32minfo[39m: GET /api/products?page=2 304 54ms
[2024-10-27T18:54:30.649Z] [32minfo[39m: GET /api/products?page=2 304 56ms
[2024-10-27T18:54:34.643Z] [32minfo[39m: GET /api/products?page=2 304 51ms
[2024-10-27T18:54:53.896Z] [32minfo[39m: POST /api/products 200 64ms
[2024-10-27T18:54:53.960Z] [32minfo[39m: GET /api/products?page=1 200 54ms
[2024-10-27T18:54:58.359Z] [32minfo[39m: GET /api/products?page=2 200 56ms
[2024-10-27T18:55:08.118Z] [32minfo[39m: DELETE /api/products/671e8c7d170fd74d1475a0d9 200 59ms
[2024-10-27T18:55:12.154Z] [32minfo[39m: GET /api/products?page=2 200 51ms
[2024-10-27T18:55:42.031Z] [32minfo[39m: POST /api/products 200 58ms
[2024-10-27T18:55:42.098Z] [32minfo[39m: GET /api/products?page=1 304 56ms
[2024-10-27T18:55:48.139Z] [32minfo[39m: GET /api/products?page=2 200 51ms
[2024-10-27T18:56:06.679Z] [32minfo[39m: DELETE /api/products/671e8cad170fd74d1475a0e2 200 56ms
[2024-10-27T18:56:11.977Z] [32minfo[39m: GET /api/products?page=2 200 53ms
[2024-10-27T18:56:23.510Z] [32minfo[39m: GET /api/products?page=2 304 58ms
[2024-10-27T18:56:25.718Z] [32minfo[39m: GET /api/products?page=1 200 49ms
[2024-10-27T18:56:26.937Z] [32minfo[39m: GET /api/products?page=2 304 61ms
[2024-10-27T18:56:40.273Z] [32minfo[39m: POST /api/products 200 61ms
[2024-10-27T18:56:40.333Z] [32minfo[39m: GET /api/products?page=1 200 52ms
[2024-10-27T18:56:43.817Z] [32minfo[39m: GET /api/products?page=2 200 52ms
[2024-10-27T18:56:47.792Z] [32minfo[39m: DELETE /api/products/671e8ce8170fd74d1475a0f1 200 56ms
[2024-10-27T18:56:49.204Z] [32minfo[39m: GET /api/products?page=2 200 57ms
[2024-10-27T18:57:02.649Z] [32minfo[39m: POST /api/products 200 65ms
[2024-10-27T18:57:02.709Z] [32minfo[39m: GET /api/products?page=1 304 51ms
[2024-10-27T18:57:05.478Z] [32minfo[39m: GET /api/products?page=2 200 58ms
[2024-10-27T18:57:08.251Z] [32minfo[39m: DELETE /api/products/671e8cfe170fd74d1475a0fa 200 56ms
[2024-10-27T18:57:11.746Z] [32minfo[39m: GET /api/products?page=2 200 57ms
[2024-10-27T19:03:56.646Z] [32minfo[39m: GET /api/products?page=2 304 55ms
[2024-10-27T19:04:18.419Z] [32minfo[39m: POST /api/products 200 62ms
[2024-10-27T19:04:18.479Z] [32minfo[39m: GET /api/products?page=1 304 51ms
[2024-10-27T19:04:21.477Z] [32minfo[39m: GET /api/products?page=2 200 56ms
[2024-10-27T19:04:26.477Z] [32minfo[39m: DELETE /api/products/671e8eb2170fd74d1475a105 200 60ms
[2024-10-27T19:04:27.595Z] [32minfo[39m: GET /api/products?page=2 200 57ms
[2024-10-27T19:04:33.842Z] [32minfo[39m: GET /api/products?page=2 304 58ms
[2024-10-27T19:04:58.168Z] [32minfo[39m: POST /api/products 200 63ms
[2024-10-27T19:04:58.230Z] [32minfo[39m: GET /api/products?page=1 304 53ms
[2024-10-27T19:05:00.395Z] [32minfo[39m: GET /api/products?page=2 200 58ms
[2024-10-27T19:05:04.862Z] [32minfo[39m: DELETE /api/products/671e8eda170fd74d1475a110 200 60ms
[2024-10-27T19:05:06.350Z] [32minfo[39m: GET /api/products?page=2 200 52ms
[2024-10-27T19:05:31.413Z] [32minfo[39m: POST /api/products 200 56ms
[2024-10-27T19:05:31.477Z] [32minfo[39m: GET /api/products?page=1 304 54ms
[2024-10-27T19:05:33.419Z] [32minfo[39m: GET /api/products?page=2 200 51ms
[2024-10-27T19:05:40.378Z] [32minfo[39m: DELETE /api/products/671e8efb170fd74d1475a119 200 60ms
[2024-10-27T19:05:42.465Z] [32minfo[39m: GET /api/products?page=2 200 59ms
[2024-10-27T19:08:00.630Z] [32minfo[39m: GET /api/products?page=2 304 51ms
[2024-10-27T19:08:09.642Z] [32minfo[39m: POST /api/products 200 64ms
[2024-10-27T19:08:09.702Z] [32minfo[39m: GET /api/products?page=1 304 50ms
[2024-10-27T19:08:12.252Z] [32minfo[39m: GET /api/products?page=2 200 59ms
[2024-10-27T19:08:20.562Z] [32minfo[39m: DELETE /api/products/671e8f99170fd74d1475a124 200 55ms
[2024-10-27T19:08:22.149Z] [32minfo[39m: GET /api/products?page=2 200 51ms
[2024-10-27T19:08:38.642Z] [32minfo[39m: GET /api/products?page=2 304 51ms
[2024-10-27T19:09:06.082Z] [32minfo[39m: GET /api/products?page=2 304 49ms
[2024-10-27T19:09:15.387Z] [32minfo[39m: POST /api/products 200 56ms
[2024-10-27T19:09:15.451Z] [32minfo[39m: GET /api/products?page=1 304 54ms
[2024-10-27T19:09:17.677Z] [32minfo[39m: GET /api/products?page=2 200 51ms
[2024-10-27T19:09:29.487Z] [32minfo[39m: DELETE /api/products/671e8fdb170fd74d1475a131 200 57ms
[2024-10-27T19:09:29.552Z] [32minfo[39m: GET /api/products?page=2 200 57ms
[2024-10-27T19:09:38.452Z] [32minfo[39m: GET /api/rental?page=1 304 53ms
[2024-10-27T19:09:38.508Z] [32minfo[39m: GET /api/rental?page=1 304 54ms
[2024-10-27T19:12:18.981Z] [32minfo[39m: POST /api/rental 201 80ms
[2024-10-27T19:12:25.600Z] [32minfo[39m: GET /api/rental?page=2 200 51ms
[2024-10-27T19:12:26.974Z] [32minfo[39m: GET /api/rental?page=3 200 51ms
[2024-10-27T19:13:11.641Z] [32minfo[39m: GET /api/rental?page=3 304 49ms
[2024-10-27T19:15:18.643Z] [32minfo[39m: GET /api/rental?page=3 304 50ms
[2024-10-27T19:17:01.648Z] [32minfo[39m: GET /api/rental?page=3 304 57ms
[2024-10-27T19:17:16.148Z] [32minfo[39m: GET /api/rental?page=3 304 51ms
[2024-10-27T19:17:19.276Z] [32minfo[39m: GET /api/rental?page=1 200 57ms
[2024-10-27T19:17:19.326Z] [32minfo[39m: GET /api/rental?page=1 304 47ms
[2024-10-27T19:17:19.651Z] [32minfo[39m: GET /api/category 304 428ms
[2024-10-27T19:17:19.705Z] [32minfo[39m: GET /api/category 304 53ms
[2024-10-27T19:17:23.555Z] [32minfo[39m: GET /api/rental?page=2 304 56ms
[2024-10-27T19:17:27.249Z] [32minfo[39m: GET /api/rental?page=3 304 57ms
[2024-10-27T19:17:35.991Z] [32minfo[39m: DELETE /api/rental/671e9092170fd74d1475a13e 200 58ms
[2024-10-27T19:17:36.063Z] [32minfo[39m: GET /api/rental?page=1 200 57ms
[2024-10-27T19:17:42.342Z] [32minfo[39m: GET /api/rental?page=2 200 57ms
[2024-10-27T19:17:43.498Z] [32minfo[39m: GET /api/rental?page=3 200 50ms
[2024-10-27T19:17:53.924Z] [32minfo[39m: GET /api/rental?page=3 304 58ms
[2024-10-27T19:18:03.556Z] [32minfo[39m: POST /api/category 200 71ms
[2024-10-27T19:18:08.574Z] [32minfo[39m: DELETE /api/category/671e91eb170fd74d1475a160 200 67ms
[2024-10-27T19:18:56.629Z] [32minfo[39m: POST /api/category 200 61ms
[2024-10-27T19:19:03.053Z] [32minfo[39m: DELETE /api/category/671e9220170fd74d1475a163 200 61ms
[2024-10-27T19:19:48.573Z] [32minfo[39m: POST /api/category 200 57ms
[2024-10-27T19:19:54.320Z] [32minfo[39m: POST /api/category 200 56ms
[2024-10-27T19:19:59.693Z] [32minfo[39m: DELETE /api/category/671e925a170fd74d1475a168 200 62ms
[2024-10-27T19:20:01.209Z] [32minfo[39m: DELETE /api/category/671e9254170fd74d1475a166 200 56ms
[2024-10-27T19:21:37.462Z] [32minfo[39m: POST /api/category 200 64ms
[2024-10-27T19:23:36.388Z] [32minfo[39m: GET /api/products?page=1 200 52ms
[2024-10-27T19:23:36.443Z] [32minfo[39m: GET /api/products?page=1 304 53ms
[2024-10-27T19:25:02.687Z] [32minfo[39m: POST /api/products 200 63ms
[2024-10-27T19:25:07.262Z] [32minfo[39m: GET /api/products?page=2 200 53ms
[2024-10-27T19:25:15.153Z] [32minfo[39m: PUT /api/products/671e938e170fd74d1475a172/stock 200 131ms
[2024-10-27T19:25:16.944Z] [32minfo[39m: GET /api/products?page=2 200 51ms
[2024-10-27T19:25:23.681Z] [32minfo[39m: DELETE /api/products/671e938e170fd74d1475a172 200 62ms
[2024-10-27T19:25:23.749Z] [32minfo[39m: GET /api/products?page=2 200 58ms
[2024-10-27T19:25:28.361Z] [32minfo[39m: GET /api/rental?page=1 304 57ms
[2024-10-27T19:25:28.419Z] [32minfo[39m: GET /api/rental?page=1 304 57ms
[2024-10-27T19:25:32.802Z] [32minfo[39m: GET /api/products?page=1 304 52ms
[2024-10-27T19:25:32.858Z] [32minfo[39m: GET /api/products?page=1 304 54ms
[2024-10-27T19:25:43.048Z] [32minfo[39m: GET /api/rental?page=1 304 60ms
[2024-10-27T19:25:43.101Z] [32minfo[39m: GET /api/rental?page=1 304 52ms
[2024-10-27T19:27:19.568Z] [32minfo[39m: POST /api/rental 201 69ms
[2024-10-27T19:27:25.243Z] [32minfo[39m: GET /api/rental?page=2 200 50ms
[2024-10-27T19:27:26.591Z] [32minfo[39m: GET /api/rental?page=3 200 59ms
[2024-10-27T19:27:32.643Z] [32minfo[39m: DELETE /api/rental/671e9417170fd74d1475a189 200 57ms
[2024-10-27T19:27:32.714Z] [32minfo[39m: GET /api/rental?page=1 304 59ms
[2024-10-27T19:27:38.225Z] [32minfo[39m: DELETE /api/category/671e92c1170fd74d1475a16c 200 56ms
[2024-10-27T19:27:39.302Z] [32minfo[39m: GET /api/products?page=1 304 56ms
[2024-10-27T19:27:39.357Z] [32minfo[39m: GET /api/products?page=1 304 54ms
[2024-10-27T19:27:49.602Z] [32minfo[39m: POST /api/sales 200 71ms
[2024-10-27T19:28:40.989Z] [32minfo[39m: GET /api/rental?page=1 304 61ms
[2024-10-27T19:28:41.048Z] [32minfo[39m: GET /api/rental?page=1 304 57ms
[2024-10-27T19:28:47.646Z] [32minfo[39m: GET /api/rental?page=1 304 57ms
[2024-10-27T19:28:47.701Z] [32minfo[39m: GET /api/rental?page=1 304 54ms
[2024-10-27T19:28:56.514Z] [32minfo[39m: GET /api/rental?page=1 304 53ms
[2024-10-27T19:28:56.569Z] [32minfo[39m: GET /api/rental?page=1 304 53ms
[2024-10-27T19:29:17.704Z] [32minfo[39m: GET /api/rental?page=1 304 53ms
[2024-10-27T19:29:17.757Z] [32minfo[39m: GET /api/rental?page=1 304 51ms
[2024-10-27T19:29:21.871Z] [32minfo[39m: GET /api/products?page=1 304 57ms
[2024-10-27T19:29:21.930Z] [32minfo[39m: GET /api/products?page=1 304 57ms
[2024-10-27T19:29:22.298Z] [32minfo[39m: GET /api/rental?page=1 304 58ms
[2024-10-27T19:29:22.353Z] [32minfo[39m: GET /api/rental?page=1 304 54ms
[2024-10-27T19:29:31.453Z] [32minfo[39m: GET /api/products?page=1 304 57ms
[2024-10-27T19:29:31.508Z] [32minfo[39m: GET /api/products?page=1 304 53ms
[2024-10-27T19:29:32.322Z] [32minfo[39m: GET /api/rental?page=1 304 59ms
[2024-10-27T19:29:32.376Z] [32minfo[39m: GET /api/rental?page=1 304 53ms
[2024-10-27T19:29:35.347Z] [32minfo[39m: GET /api/products?page=1 304 51ms
[2024-10-27T19:29:35.401Z] [32minfo[39m: GET /api/products?page=1 304 52ms
[2024-10-27T19:29:43.936Z] [32minfo[39m: GET /api/rental?page=1 304 51ms
[2024-10-27T19:29:43.990Z] [32minfo[39m: GET /api/rental?page=1 304 52ms
[2024-10-27T19:29:49.860Z] [32minfo[39m: GET /api/rental?page=1 304 51ms
[2024-10-27T19:29:49.915Z] [32minfo[39m: GET /api/rental?page=1 304 53ms
[2024-10-27T19:29:50.275Z] [32minfo[39m: GET /api/products?page=1 304 51ms
[2024-10-27T19:29:50.326Z] [32minfo[39m: GET /api/products?page=1 304 50ms
[2024-10-27T19:30:01.021Z] [32minfo[39m: GET /api/products?page=1 304 59ms
[2024-10-27T19:30:01.077Z] [32minfo[39m: GET /api/products?page=1 304 54ms
[2024-10-27T19:32:23.133Z] [32minfo[39m: GET /api/rental?page=1 304 52ms
[2024-10-27T19:32:23.186Z] [32minfo[39m: GET /api/rental?page=1 304 52ms
[2024-10-27T19:32:26.067Z] [32minfo[39m: GET /api/products?page=1 304 51ms
[2024-10-27T19:32:26.120Z] [32minfo[39m: GET /api/products?page=1 304 52ms
[2024-10-27T19:33:47.694Z] [32minfo[39m: GET /api/products?page=1 304 58ms
[2024-10-27T19:33:47.749Z] [32minfo[39m: GET /api/products?page=1 304 54ms
[2024-10-27T19:33:48.086Z] [32minfo[39m: GET /api/rental?page=1 304 57ms
[2024-10-27T19:33:48.141Z] [32minfo[39m: GET /api/rental?page=1 304 54ms
[2024-10-29T11:30:48.654Z] [32minfo[39m: GET /api/category 304 317ms
[2024-10-29T11:30:48.829Z] [32minfo[39m: GET /api/category 304 158ms
[2024-10-29T11:31:07.606Z] [32minfo[39m: GET /api/products?page=1 304 45ms
[2024-10-29T11:31:08.132Z] [32minfo[39m: GET /api/products?page=1 304 523ms
[2024-11-01T13:53:22.695Z] [32minfo[39m: GET /api/category 304 177ms
[2024-11-01T13:53:22.975Z] [32minfo[39m: GET /api/category 304 273ms
[2024-11-01T13:54:10.479Z] [32minfo[39m: GET /api/products?page=1 304 354ms
[2024-11-01T13:54:10.540Z] [32minfo[39m: GET /api/products?page=1 304 54ms
[2024-11-01T13:54:17.750Z] [32minfo[39m: GET /api/rental?page=1 304 111ms
[2024-11-01T13:54:17.866Z] [32minfo[39m: GET /api/rental?page=1 304 112ms
[2024-11-19T23:22:55.268Z] [32minfo[39m: GET /api/category 200 81ms
[2024-11-19T23:22:55.345Z] [32minfo[39m: GET /api/category 304 58ms
[2024-11-19T23:23:08.360Z] [32minfo[39m: GET /api/products?page=1 200 69ms
[2024-11-19T23:23:08.428Z] [32minfo[39m: GET /api/products?page=1 304 62ms
[2024-11-19T23:24:32.386Z] [32minfo[39m: GET /api/rental?page=1 200 100ms
[2024-11-19T23:24:32.480Z] [32minfo[39m: GET /api/rental?page=1 304 83ms
[2024-11-19T23:26:53.788Z] [32minfo[39m: POST /api/sales 200 161ms
[2024-11-19T23:28:46.931Z] [32minfo[39m: POST /api/category 200 128ms
[2024-11-19T23:28:51.238Z] [32minfo[39m: GET /api/products?page=1 304 133ms
[2024-11-19T23:28:51.339Z] [32minfo[39m: GET /api/products?page=1 304 97ms
[2024-11-19T23:29:02.705Z] [32minfo[39m: DELETE /api/category/673d1f2e081e9ed8b125cf0e 200 166ms
[2024-11-25T00:44:40.297Z] [32minfo[39m: GET /api/category 200 88ms
[2024-11-25T00:44:40.382Z] [32minfo[39m: GET /api/category 304 73ms
[2024-11-25T00:44:43.816Z] [32minfo[39m: GET /api/rental?page=1 200 72ms
[2024-11-25T00:44:43.889Z] [32minfo[39m: GET /api/rental?page=1 304 64ms
[2024-11-25T00:44:46.113Z] [32minfo[39m: GET /api/rental?page=1 304 58ms
[2024-11-25T00:44:46.182Z] [32minfo[39m: GET /api/rental?page=1 304 65ms
[2024-11-25T00:44:49.589Z] [32minfo[39m: GET /api/category 304 57ms
[2024-11-25T00:44:49.648Z] [32minfo[39m: GET /api/category 304 55ms
[2024-11-25T00:44:53.790Z] [32minfo[39m: GET /api/rental?page=1 304 64ms
[2024-11-25T00:44:53.856Z] [32minfo[39m: GET /api/rental?page=1 304 60ms
[2024-11-25T00:44:58.443Z] [32minfo[39m: GET /api/category 304 61ms
[2024-11-25T00:44:58.504Z] [32minfo[39m: GET /api/category 304 57ms
[2024-11-25T00:45:24.086Z] [32minfo[39m: GET /api/category 304 73ms
[2024-11-25T00:45:24.254Z] [32minfo[39m: GET /api/category 304 164ms
[2024-11-25T00:45:28.266Z] [32minfo[39m: GET /api/rental?page=1 304 59ms
[2024-11-25T00:45:28.328Z] [32minfo[39m: GET /api/rental?page=1 304 57ms
[2024-11-25T00:45:31.615Z] [32minfo[39m: GET /api/rental?page=1 304 61ms
[2024-11-25T00:45:31.679Z] [32minfo[39m: GET /api/rental?page=1 304 60ms
[2024-11-25T00:45:35.296Z] [32minfo[39m: GET /api/rental?page=1 304 58ms
[2024-11-25T00:45:35.357Z] [32minfo[39m: GET /api/rental?page=1 304 57ms
[2024-11-25T00:45:40.320Z] [32minfo[39m: GET /api/rental?page=1 304 60ms
[2024-11-25T00:45:40.383Z] [32minfo[39m: GET /api/rental?page=1 304 59ms
[2024-11-25T00:45:46.812Z] [32minfo[39m: GET /api/category 304 58ms
[2024-11-25T00:45:46.871Z] [32minfo[39m: GET /api/category 304 56ms
[2024-11-25T00:46:46.781Z] [32minfo[39m: GET /api/products/ 200 553ms
[2024-11-25T00:46:53.216Z] [32minfo[39m: GET /api/category 304 70ms
[2024-11-25T00:46:53.275Z] [32minfo[39m: GET /api/category 304 53ms
[2024-11-25T00:46:55.387Z] [32minfo[39m: GET /api/rental?page=1 304 65ms
[2024-11-25T00:46:55.452Z] [32minfo[39m: GET /api/rental?page=1 304 60ms
[2024-11-25T00:47:33.166Z] [32minfo[39m: GET /api/category 304 63ms
[2024-11-25T00:47:33.230Z] [32minfo[39m: GET /api/category 304 58ms
[2024-11-25T00:47:54.170Z] [32minfo[39m: GET /api/products?page=1 304 66ms
[2024-11-25T00:47:54.173Z] [32minfo[39m: GET /api/category 304 66ms
[2024-11-25T00:47:54.241Z] [32minfo[39m: GET /api/products?page=1 304 65ms
[2024-11-25T00:47:54.246Z] [32minfo[39m: GET /api/category 304 66ms
[2024-11-25T00:48:27.102Z] [32minfo[39m: GET /api/products?page=2 200 58ms
[2024-11-25T00:48:28.070Z] [32minfo[39m: GET /api/products?page=1 304 60ms
[2024-11-25T00:48:56.053Z] [32minfo[39m: GET /api/products?page=2 304 57ms
[2024-11-25T00:48:59.180Z] [32minfo[39m: GET /api/products?page=1 304 57ms
[2024-11-25T00:49:18.647Z] [32minfo[39m: GET /api/category 304 56ms
[2024-11-25T00:49:26.092Z] [32minfo[39m: GET /api/category 304 59ms
[2024-11-25T00:49:29.856Z] [32minfo[39m: GET /api/category 304 56ms
[2024-11-25T00:49:29.915Z] [32minfo[39m: GET /api/category 304 55ms
[2024-11-25T00:49:30.308Z] [32minfo[39m: GET /api/products?page=1 304 74ms
[2024-11-25T00:49:30.370Z] [32minfo[39m: GET /api/products?page=1 304 58ms
[2024-11-25T00:49:33.084Z] [32minfo[39m: GET /api/rental?page=1 304 60ms
[2024-11-25T00:49:33.145Z] [32minfo[39m: GET /api/rental?page=1 304 58ms
[2024-11-25T00:49:41.091Z] [32minfo[39m: POST /api/sales 200 87ms
[2024-11-25T00:49:48.223Z] [32minfo[39m: GET /api/products?page=1 304 61ms
[2024-11-25T00:49:48.285Z] [32minfo[39m: GET /api/products?page=1 304 59ms
[2024-11-25T00:49:53.086Z] [32minfo[39m: GET /api/rental?page=1 304 282ms
[2024-11-25T00:49:53.150Z] [32minfo[39m: GET /api/rental?page=1 304 59ms
[2024-11-25T00:50:20.724Z] [32minfo[39m: GET /api/rental?page=1 304 60ms
[2024-11-25T00:50:20.787Z] [32minfo[39m: GET /api/rental?page=1 304 58ms
[2024-11-25T00:50:23.727Z] [32minfo[39m: GET /api/products?page=1 304 61ms
[2024-11-25T00:50:24.022Z] [32minfo[39m: GET /api/products?page=1 304 291ms
[2024-11-25T00:50:24.504Z] [32minfo[39m: GET /api/rental?page=1 304 300ms
[2024-11-25T00:50:24.564Z] [32minfo[39m: GET /api/rental?page=1 304 56ms
[2024-11-25T00:50:33.211Z] [32minfo[39m: GET /api/rental?page=1 304 294ms
[2024-11-25T00:50:33.275Z] [32minfo[39m: GET /api/rental?page=1 304 60ms
[2024-11-25T00:50:41.436Z] [32minfo[39m: GET /api/products?page=1 304 66ms
[2024-11-25T00:50:41.497Z] [32minfo[39m: GET /api/products?page=1 304 58ms
[2024-11-25T00:50:41.868Z] [32minfo[39m: GET /api/rental?page=1 304 62ms
[2024-11-25T00:50:41.930Z] [32minfo[39m: GET /api/rental?page=1 304 57ms
[2024-11-25T00:50:50.919Z] [32minfo[39m: GET /api/rental?page=1 304 61ms
[2024-11-25T00:50:50.982Z] [32minfo[39m: GET /api/rental?page=1 304 59ms
[2024-11-25T00:50:55.890Z] [32minfo[39m: GET /api/rental?page=1 304 60ms
[2024-11-25T00:50:55.953Z] [32minfo[39m: GET /api/rental?page=1 304 59ms
[2024-11-25T00:50:56.720Z] [32minfo[39m: GET /api/products?page=1 304 59ms
[2024-11-25T00:50:56.781Z] [32minfo[39m: GET /api/products?page=1 304 56ms
[2024-11-25T00:51:17.666Z] [32minfo[39m: GET /api/rental?page=1 304 58ms
[2024-11-25T00:51:18.166Z] [32minfo[39m: GET /api/rental?page=1 304 496ms
[2024-11-25T00:52:10.482Z] [32minfo[39m: GET /api/rental?page=1 304 60ms
[2024-11-25T00:52:10.544Z] [32minfo[39m: GET /api/rental?page=1 304 58ms
[2024-11-25T00:52:20.916Z] [32minfo[39m: GET /api/rental?page=1 304 58ms
[2024-11-25T00:52:20.978Z] [32minfo[39m: GET /api/rental?page=1 304 58ms
[2024-11-25T00:54:05.296Z] [32minfo[39m: GET /api/products?page=1 304 65ms
[2024-11-25T00:54:05.357Z] [32minfo[39m: GET /api/products?page=1 304 57ms
[2024-11-25T01:26:24.856Z] [32minfo[39m: GET /api/rental?page=1 304 837ms
[2024-11-25T01:26:24.918Z] [32minfo[39m: GET /api/rental?page=1 304 58ms
[2024-11-25T01:27:55.207Z] [32minfo[39m: GET /api/products?page=1 304 68ms
[2024-11-25T01:27:55.585Z] [32minfo[39m: GET /api/products?page=1 304 375ms
[2024-11-25T01:27:56.033Z] [32minfo[39m: GET /api/rental?page=1 304 394ms
[2024-11-25T01:27:56.599Z] [32minfo[39m: GET /api/rental?page=1 304 561ms
[2024-11-25T01:28:01.306Z] [32minfo[39m: GET /api/rental?page=1 304 609ms
[2024-11-25T01:28:01.617Z] [32minfo[39m: GET /api/rental?page=1 304 270ms
[2024-11-25T01:29:43.434Z] [32minfo[39m: GET /api/products?page=1 304 61ms
[2024-11-25T01:29:43.501Z] [32minfo[39m: GET /api/products?page=1 304 64ms
[2024-11-25T02:25:59.529Z] [32minfo[39m: GET /api/category 304 1914ms
[2024-11-25T02:25:59.728Z] [32minfo[39m: GET /api/products?page=1 304 2139ms
[2024-11-25T02:25:59.907Z] [32minfo[39m: GET /api/products?page=1 304 178ms
[2024-11-25T02:25:59.911Z] [32minfo[39m: GET /api/category 304 375ms
